<?xml version="1.0" encoding="UTF-8"?>
<testsuite xmlns:xsi="http://www.w3.org/2001/XMLSchema-instance" xsi:noNamespaceSchemaLocation="https://maven.apache.org/surefire/maven-surefire-plugin/xsd/surefire-test-report-3.0.xsd" version="3.0" name="TestSuite" time="34.851" tests="23" errors="0" skipped="0" failures="1">
  <properties>
[...]
</properties>
  <testcase name="createPet" classname="tests.PetTests" time="1.579">
    <system-out><![CDATA[[TestNGContentHandler] [WARN] It is strongly recommended to add "<!DOCTYPE suite SYSTEM "https://testng.org/testng-1.0.dtd" >" at the top of your file, otherwise TestNG may fail or not work as expected.
Request method:	POST
Request URI:	https://petstore.swagger.io/v2/pet
Proxy:			<none>
Request params:	<none>
Query params:	<none>
Form params:	<none>
Path params:	<none>
Headers:		Accept=application/json
				api_key=apiKey
				Content-Type=application/json
Cookies:		<none>
Multiparts:		<none>
Body:
{
    "id": 501587,
    "category": {
        "id": 346370,
        "name": "dogs"
    },
    "name": "ZGMZggdiVu",
    "photoUrls": [
        "src/test/java/cute-puppy.jpg"
    ],
    "tags": [
        {
            "id": 662380,
            "name": "KTmLNuQzgc"
        },
        {
            "id": 105016,
            "name": "UqIyNxLaKq"
        }
    ],
    "status": "available"
}
HTTP/1.1 200 OK
Date: Sat, 13 Jan 2024 10:12:09 GMT
Content-Type: application/json
Transfer-Encoding: chunked
Connection: keep-alive
Access-Control-Allow-Origin: *
Access-Control-Allow-Methods: GET, POST, DELETE, PUT
Access-Control-Allow-Headers: Content-Type, api_key, Authorization
Server: Jetty(9.2.9.v20150224)

{
    "id": 501587,
    "category": {
        "id": 346370,
        "name": "dogs"
    },
    "name": "ZGMZggdiVu",
    "photoUrls": [
        "src/test/java/cute-puppy.jpg"
    ],
    "tags": [
        {
            "id": 662380,
            "name": "KTmLNuQzgc"
        },
        {
            "id": 105016,
            "name": "UqIyNxLaKq"
        }
    ],
    "status": "available"
}
]]></system-out>
  </testcase>
  <testcase name="getPetAndValidateCategoryName" classname="tests.PetTests" time="1.007">
    <system-out><![CDATA[Request method:	GET
Request URI:	https://petstore.swagger.io/v2/pet/501587
Proxy:			<none>
Request params:	<none>
Query params:	<none>
Form params:	<none>
Path params:	petId=501587
Headers:		Accept=application/json
				api_key=apiKey
				Content-Type=application/json
Cookies:		<none>
Multiparts:		<none>
Body:			<none>
HTTP/1.1 200 OK
Date: Sat, 13 Jan 2024 10:12:10 GMT
Content-Type: application/json
Transfer-Encoding: chunked
Connection: keep-alive
Access-Control-Allow-Origin: *
Access-Control-Allow-Methods: GET, POST, DELETE, PUT
Access-Control-Allow-Headers: Content-Type, api_key, Authorization
Server: Jetty(9.2.9.v20150224)

{
    "id": 501587,
    "category": {
        "id": 346370,
        "name": "dogs"
    },
    "name": "ZGMZggdiVu",
    "photoUrls": [
        "src/test/java/cute-puppy.jpg"
    ],
    "tags": [
        {
            "id": 662380,
            "name": "KTmLNuQzgc"
        },
        {
            "id": 105016,
            "name": "UqIyNxLaKq"
        }
    ],
    "status": "available"
}
]]></system-out>
  </testcase>
  <testcase name="getPetAndValidateName" classname="tests.PetTests" time="1.024">
    <system-out><![CDATA[Request method:	GET
Request URI:	https://petstore.swagger.io/v2/pet/501587
Proxy:			<none>
Request params:	<none>
Query params:	<none>
Form params:	<none>
Path params:	petId=501587
Headers:		Accept=application/json
				api_key=apiKey
				Content-Type=application/json
Cookies:		<none>
Multiparts:		<none>
Body:			<none>
HTTP/1.1 200 OK
Date: Sat, 13 Jan 2024 10:12:11 GMT
Content-Type: application/json
Transfer-Encoding: chunked
Connection: keep-alive
Access-Control-Allow-Origin: *
Access-Control-Allow-Methods: GET, POST, DELETE, PUT
Access-Control-Allow-Headers: Content-Type, api_key, Authorization
Server: Jetty(9.2.9.v20150224)

{
    "id": 501587,
    "category": {
        "id": 346370,
        "name": "dogs"
    },
    "name": "ZGMZggdiVu",
    "photoUrls": [
        "src/test/java/cute-puppy.jpg"
    ],
    "tags": [
        {
            "id": 662380,
            "name": "KTmLNuQzgc"
        },
        {
            "id": 105016,
            "name": "UqIyNxLaKq"
        }
    ],
    "status": "available"
}
]]></system-out>
  </testcase>
  <testcase name="getPetById" classname="tests.PetTests" time="1.016">
    <system-out><![CDATA[Request method:	GET
Request URI:	https://petstore.swagger.io/v2/pet/501587
Proxy:			<none>
Request params:	<none>
Query params:	<none>
Form params:	<none>
Path params:	petId=501587
Headers:		Accept=application/json
				api_key=apiKey
				Content-Type=application/json
Cookies:		<none>
Multiparts:		<none>
Body:			<none>
HTTP/1.1 200 OK
Date: Sat, 13 Jan 2024 10:12:12 GMT
Content-Type: application/json
Transfer-Encoding: chunked
Connection: keep-alive
Access-Control-Allow-Origin: *
Access-Control-Allow-Methods: GET, POST, DELETE, PUT
Access-Control-Allow-Headers: Content-Type, api_key, Authorization
Server: Jetty(9.2.9.v20150224)

{
    "id": 501587,
    "category": {
        "id": 346370,
        "name": "dogs"
    },
    "name": "ZGMZggdiVu",
    "photoUrls": [
        "src/test/java/cute-puppy.jpg"
    ],
    "tags": [
        {
            "id": 662380,
            "name": "KTmLNuQzgc"
        },
        {
            "id": 105016,
            "name": "UqIyNxLaKq"
        }
    ],
    "status": "available"
}
]]></system-out>
  </testcase>
  <testcase name="getPetsByStatus" classname="tests.PetTests" time="1.043">
    <failure message="com.fasterxml.jackson.databind.JsonMappingException: Numeric value (9223372036854755014) out of range of int (-2147483648 - 2147483647)&#10; at [Source: (String)&quot;{&quot;id&quot;:9223372036854755014,&quot;category&quot;:{&quot;id&quot;:0,&quot;name&quot;:&quot;Ringo&quot;},&quot;name&quot;:&quot;doggie&quot;,&quot;photoUrls&quot;:[&quot;string&quot;],&quot;tags&quot;:[{&quot;id&quot;:0,&quot;name&quot;:&quot;Cat&quot;}],&quot;status&quot;:&quot;sold&quot;}&quot;; line: 1, column: 26] (through reference chain: models.Pet[&quot;id&quot;])" type="java.lang.RuntimeException"><![CDATA[java.lang.RuntimeException: 
com.fasterxml.jackson.databind.JsonMappingException: Numeric value (9223372036854755014) out of range of int (-2147483648 - 2147483647)
 at [Source: (String)"{"id":9223372036854755014,"category":{"id":0,"name":"Ringo"},"name":"doggie","photoUrls":["string"],"tags":[{"id":0,"name":"Cat"}],"status":"sold"}"; line: 1, column: 26] (through reference chain: models.Pet["id"])
	at tests.PetTests.getPetsByStatus(PetTests.java:58)
Caused by: com.fasterxml.jackson.databind.JsonMappingException: 
Numeric value (9223372036854755014) out of range of int (-2147483648 - 2147483647)
 at [Source: (String)"{"id":9223372036854755014,"category":{"id":0,"name":"Ringo"},"name":"doggie","photoUrls":["string"],"tags":[{"id":0,"name":"Cat"}],"status":"sold"}"; line: 1, column: 26] (through reference chain: models.Pet["id"])
	at tests.PetTests.getPetsByStatus(PetTests.java:58)
Caused by: com.fasterxml.jackson.core.exc.InputCoercionException: 
Numeric value (9223372036854755014) out of range of int (-2147483648 - 2147483647)
 at [Source: (String)"{"id":9223372036854755014,"category":{"id":0,"name":"Ringo"},"name":"doggie","photoUrls":["string"],"tags":[{"id":0,"name":"Cat"}],"status":"sold"}"; line: 1, column: 26]
	at tests.PetTests.getPetsByStatus(PetTests.java:58)
]]></failure>
    <system-out><![CDATA[Request method:	GET
Request URI:	https://petstore.swagger.io/v2/pet/findByStatus?status=sold
Proxy:			<none>
Request params:	<none>
Query params:	status=sold
Form params:	<none>
Path params:	<none>
Headers:		Accept=application/json
				api_key=apiKey
				Content-Type=application/json
Cookies:		<none>
Multiparts:		<none>
Body:			<none>
HTTP/1.1 200 OK
Date: Sat, 13 Jan 2024 10:12:13 GMT
Content-Type: application/json
Transfer-Encoding: chunked
Connection: keep-alive
Access-Control-Allow-Origin: *
Access-Control-Allow-Methods: GET, POST, DELETE, PUT
Access-Control-Allow-Headers: Content-Type, api_key, Authorization
Server: Jetty(9.2.9.v20150224)

[
    {
        "id": 7777,
        "category": {
            "id": 7777,
            "name": "cat"
        },
        "name": "miranka",
        "photoUrls": [
            "string"
        ],
        "tags": [
            {
                "id": 7777,
                "name": "bengal"
            }
        ],
        "status": "sold"
    },
    {
        "id": 9223372036854755014,
        "category": {
            "id": 0,
            "name": "Ringo"
        },
        "name": "doggie",
        "photoUrls": [
            "string"
        ],
        "tags": [
            {
                "id": 0,
                "name": "Cat"
            }
        ],
        "status": "sold"
    },
    {
        "id": 9223372036854755029,
        "category": {
            "id": 0,
            "name": "Ringo"
        },
        "name": "doggie",
        "photoUrls": [
            "string"
        ],
        "tags": [
            {
                "id": 0,
                "name": "Cat"
            }
        ],
        "status": "sold"
    },
    {
        "id": 12084391,
        "category": {
            "id": -48583,
            "name": "cupidatat amet commodo"
        },
        "name": "doggie",
        "photoUrls": [
            "fugiat Ut eu",
            "exercitation nostr"
        ],
        "tags": [
            {
                "id": -27183415,
                "name": "e"
            },
            {
                "id": 86979382,
                "name": "in anim consectetur Lorem ut"
            }
        ],
        "status": "sold"
    },
    {
        "id": 922337203685477590,
        "category": {
            "id": 2,
            "name": "cat"
        },
        "name": "Alisa 78",
        "photoUrls": [
            
        ],
        "tags": [
            
        ],
        "status": "sold"
    }
]
]]></system-out>
  </testcase>
  <testcase name="uploadPetImage" classname="tests.PetTests" time="1.622">
    <system-out><![CDATA[Request method:	POST
Request URI:	https://petstore.swagger.io/v2/pet/501587/uploadImage
Proxy:			<none>
Request params:	<none>
Query params:	<none>
Form params:	<none>
Path params:	petId=501587
Headers:		Accept=application/json
				api_key=apiKey
				Content-Type=multipart/form-data
Cookies:		<none>
Multiparts:		------------
				Content-Disposition: form-data; name = file; filename = cute-puppy.jpg
				Content-Type: application/octet-stream

				src/test/java/testUtils/cute-puppy.jpg
Body:			<none>
HTTP/1.1 200 OK
Date: Sat, 13 Jan 2024 10:12:15 GMT
Content-Type: application/json
Transfer-Encoding: chunked
Connection: keep-alive
Access-Control-Allow-Origin: *
Access-Control-Allow-Methods: GET, POST, DELETE, PUT
Access-Control-Allow-Headers: Content-Type, api_key, Authorization
Server: Jetty(9.2.9.v20150224)

{
    "code": 200,
    "type": "unknown",
    "message": "additionalMetadata: null\nFile uploaded to ./cute-puppy.jpg, 121984 bytes"
}
]]></system-out>
  </testcase>
  <testcase name="validatePetHasPhotoUrl" classname="tests.PetTests" time="1.036">
    <system-out><![CDATA[Request method:	GET
Request URI:	https://petstore.swagger.io/v2/pet/501587
Proxy:			<none>
Request params:	<none>
Query params:	<none>
Form params:	<none>
Path params:	petId=501587
Headers:		Accept=application/json
				api_key=apiKey
				Content-Type=application/json
Cookies:		<none>
Multiparts:		<none>
Body:			<none>
HTTP/1.1 200 OK
Date: Sat, 13 Jan 2024 10:12:16 GMT
Content-Type: application/json
Transfer-Encoding: chunked
Connection: keep-alive
Access-Control-Allow-Origin: *
Access-Control-Allow-Methods: GET, POST, DELETE, PUT
Access-Control-Allow-Headers: Content-Type, api_key, Authorization
Server: Jetty(9.2.9.v20150224)

{
    "id": 501587,
    "category": {
        "id": 346370,
        "name": "dogs"
    },
    "name": "ZGMZggdiVu",
    "photoUrls": [
        "src/test/java/cute-puppy.jpg"
    ],
    "tags": [
        {
            "id": 662380,
            "name": "KTmLNuQzgc"
        },
        {
            "id": 105016,
            "name": "UqIyNxLaKq"
        }
    ],
    "status": "available"
}
]]></system-out>
  </testcase>
  <testcase name="validateResponseContainsAllData" classname="tests.PetTests" time="0.713">
    <system-out><![CDATA[Request method:	GET
Request URI:	https://petstore.swagger.io/v2/pet/501587
Proxy:			<none>
Request params:	<none>
Query params:	<none>
Form params:	<none>
Path params:	petId=501587
Headers:		Accept=application/json
				api_key=apiKey
				Content-Type=application/json
Cookies:		<none>
Multiparts:		<none>
Body:			<none>
HTTP/1.1 200 OK
Date: Sat, 13 Jan 2024 10:12:17 GMT
Content-Type: application/json
Transfer-Encoding: chunked
Connection: keep-alive
Access-Control-Allow-Origin: *
Access-Control-Allow-Methods: GET, POST, DELETE, PUT
Access-Control-Allow-Headers: Content-Type, api_key, Authorization
Server: Jetty(9.2.9.v20150224)

{
    "id": 501587,
    "category": {
        "id": 346370,
        "name": "dogs"
    },
    "name": "ZGMZggdiVu",
    "photoUrls": [
        "src/test/java/cute-puppy.jpg"
    ],
    "tags": [
        {
            "id": 662380,
            "name": "KTmLNuQzgc"
        },
        {
            "id": 105016,
            "name": "UqIyNxLaKq"
        }
    ],
    "status": "available"
}
]]></system-out>
  </testcase>
  <testcase name="updatePet" classname="tests.PetTests" time="0.719">
    <system-out><![CDATA[Request method:	PUT
Request URI:	https://petstore.swagger.io/v2/pet
Proxy:			<none>
Request params:	<none>
Query params:	<none>
Form params:	<none>
Path params:	<none>
Headers:		Accept=application/json
				api_key=apiKey
				Content-Type=application/json
Cookies:		<none>
Multiparts:		<none>
Body:
{
    "id": 501587,
    "category": {
        "id": 346370,
        "name": "dogs"
    },
    "name": "ZGMZggdiVu",
    "photoUrls": [
        "src/test/java/cute-puppy.jpg"
    ],
    "tags": [
        {
            "id": 662380,
            "name": "KTmLNuQzgc"
        },
        {
            "id": 105016,
            "name": "UqIyNxLaKq"
        }
    ],
    "status": "pending"
}
HTTP/1.1 200 OK
Date: Sat, 13 Jan 2024 10:12:17 GMT
Content-Type: application/json
Transfer-Encoding: chunked
Connection: keep-alive
Access-Control-Allow-Origin: *
Access-Control-Allow-Methods: GET, POST, DELETE, PUT
Access-Control-Allow-Headers: Content-Type, api_key, Authorization
Server: Jetty(9.2.9.v20150224)

{
    "id": 501587,
    "category": {
        "id": 346370,
        "name": "dogs"
    },
    "name": "ZGMZggdiVu",
    "photoUrls": [
        "src/test/java/cute-puppy.jpg"
    ],
    "tags": [
        {
            "id": 662380,
            "name": "KTmLNuQzgc"
        },
        {
            "id": 105016,
            "name": "UqIyNxLaKq"
        }
    ],
    "status": "pending"
}
]]></system-out>
  </testcase>
  <testcase name="updatePetFormData" classname="tests.PetTests" time="2.547">
    <system-out><![CDATA[Request method:	POST
Request URI:	https://petstore.swagger.io/v2/pet/501587
Proxy:			<none>
Request params:	<none>
Query params:	<none>
Form params:	name=HuBtOmIVmk
				status=sold
Path params:	petId=501587
Headers:		Accept=application/json
				api_key=apiKey
				Content-Type=application/x-www-form-urlencoded; charset=ISO-8859-1
Cookies:		<none>
Multiparts:		<none>
Body:			<none>
HTTP/1.1 200 OK
Date: Sat, 13 Jan 2024 10:12:18 GMT
Content-Type: application/json
Transfer-Encoding: chunked
Connection: keep-alive
Access-Control-Allow-Origin: *
Access-Control-Allow-Methods: GET, POST, DELETE, PUT
Access-Control-Allow-Headers: Content-Type, api_key, Authorization
Server: Jetty(9.2.9.v20150224)

{
    "code": 200,
    "type": "unknown",
    "message": "501587"
}
Request method:	GET
Request URI:	https://petstore.swagger.io/v2/pet/501587
Proxy:			<none>
Request params:	<none>
Query params:	<none>
Form params:	<none>
Path params:	petId=501587
Headers:		Accept=application/json
				api_key=apiKey
				Content-Type=application/json
Cookies:		<none>
Multiparts:		<none>
Body:			<none>
HTTP/1.1 200 OK
Date: Sat, 13 Jan 2024 10:12:19 GMT
Content-Type: application/json
Transfer-Encoding: chunked
Connection: keep-alive
Access-Control-Allow-Origin: *
Access-Control-Allow-Methods: GET, POST, DELETE, PUT
Access-Control-Allow-Headers: Content-Type, api_key, Authorization
Server: Jetty(9.2.9.v20150224)

{
    "id": 501587,
    "category": {
        "id": 346370,
        "name": "dogs"
    },
    "name": "HuBtOmIVmk",
    "photoUrls": [
        "src/test/java/cute-puppy.jpg"
    ],
    "tags": [
        {
            "id": 662380,
            "name": "KTmLNuQzgc"
        },
        {
            "id": 105016,
            "name": "UqIyNxLaKq"
        }
    ],
    "status": "sold"
}
Request method:	GET
Request URI:	https://petstore.swagger.io/v2/pet/501587
Proxy:			<none>
Request params:	<none>
Query params:	<none>
Form params:	<none>
Path params:	petId=501587
Headers:		Accept=application/json
				api_key=apiKey
				Content-Type=application/json
Cookies:		<none>
Multiparts:		<none>
Body:			<none>
HTTP/1.1 200 OK
Date: Sat, 13 Jan 2024 10:12:20 GMT
Content-Type: application/json
Transfer-Encoding: chunked
Connection: keep-alive
Access-Control-Allow-Origin: *
Access-Control-Allow-Methods: GET, POST, DELETE, PUT
Access-Control-Allow-Headers: Content-Type, api_key, Authorization
Server: Jetty(9.2.9.v20150224)

{
    "id": 501587,
    "category": {
        "id": 346370,
        "name": "dogs"
    },
    "name": "HuBtOmIVmk",
    "photoUrls": [
        "src/test/java/cute-puppy.jpg"
    ],
    "tags": [
        {
            "id": 662380,
            "name": "KTmLNuQzgc"
        },
        {
            "id": 105016,
            "name": "UqIyNxLaKq"
        }
    ],
    "status": "sold"
}
]]></system-out>
  </testcase>
  <testcase name="deletePet" classname="tests.PetTests" time="1.943">
    <system-out><![CDATA[Request method:	DELETE
Request URI:	https://petstore.swagger.io/v2/pet/501587
Proxy:			<none>
Request params:	<none>
Query params:	<none>
Form params:	<none>
Path params:	petId=501587
Headers:		Accept=application/json
				api_key=apiKey
				Content-Type=application/json
Cookies:		<none>
Multiparts:		<none>
Body:			<none>
HTTP/1.1 200 OK
Date: Sat, 13 Jan 2024 10:12:21 GMT
Content-Type: application/json
Transfer-Encoding: chunked
Connection: keep-alive
Access-Control-Allow-Origin: *
Access-Control-Allow-Methods: GET, POST, DELETE, PUT
Access-Control-Allow-Headers: Content-Type, api_key, Authorization
Server: Jetty(9.2.9.v20150224)

{
    "code": 200,
    "type": "unknown",
    "message": "501587"
}
Request method:	GET
Request URI:	https://petstore.swagger.io/v2/pet/501587
Proxy:			<none>
Request params:	<none>
Query params:	<none>
Form params:	<none>
Path params:	petId=501587
Headers:		Accept=application/json
				api_key=apiKey
				Content-Type=application/json
Cookies:		<none>
Multiparts:		<none>
Body:			<none>
HTTP/1.1 404 Not Found
Date: Sat, 13 Jan 2024 10:12:22 GMT
Content-Type: application/json
Transfer-Encoding: chunked
Connection: keep-alive
Access-Control-Allow-Origin: *
Access-Control-Allow-Methods: GET, POST, DELETE, PUT
Access-Control-Allow-Headers: Content-Type, api_key, Authorization
Server: Jetty(9.2.9.v20150224)

{
    "code": 1,
    "type": "error",
    "message": "Pet not found"
}
]]></system-out>
  </testcase>
  <testcase name="getStoreInventory" classname="tests.StoreTests" time="0.922">
    <system-out><![CDATA[Request method:	GET
Request URI:	https://petstore.swagger.io/v2/store/inventory
Proxy:			<none>
Request params:	<none>
Query params:	<none>
Form params:	<none>
Path params:	<none>
Headers:		api_key=apiKey
				Accept=application/json
				api_key=apiKey
				Content-Type=application/json
Cookies:		<none>
Multiparts:		<none>
Body:			<none>
Request method:	GET
Request URI:	https://petstore.swagger.io/v2/store/inventory
Proxy:			<none>
Request params:	<none>
Query params:	<none>
Form params:	<none>
Path params:	<none>
Headers:		api_key=apiKey
				Accept=application/json
				api_key=apiKey
				Content-Type=application/json
Cookies:		<none>
Multiparts:		<none>
Body:			<none>
HTTP/1.1 200 OK
Date: Sat, 13 Jan 2024 10:12:23 GMT
Content-Type: application/json
Transfer-Encoding: chunked
Connection: keep-alive
Access-Control-Allow-Origin: *
Access-Control-Allow-Methods: GET, POST, DELETE, PUT
Access-Control-Allow-Headers: Content-Type, api_key, Authorization
Server: Jetty(9.2.9.v20150224)

{
    "sold": 5,
    "string": 777,
    "available": 210,
    "not available": 1
}
HTTP/1.1 200 OK
Date: Sat, 13 Jan 2024 10:12:23 GMT
Content-Type: application/json
Transfer-Encoding: chunked
Connection: keep-alive
Access-Control-Allow-Origin: *
Access-Control-Allow-Methods: GET, POST, DELETE, PUT
Access-Control-Allow-Headers: Content-Type, api_key, Authorization
Server: Jetty(9.2.9.v20150224)

{
    "sold": 5,
    "string": 777,
    "available": 210,
    "not available": 1
}
]]></system-out>
  </testcase>
  <testcase name="placeOrder" classname="tests.StoreTests" time="1.042">
    <system-out><![CDATA[Request method:	POST
Request URI:	https://petstore.swagger.io/v2/store/order
Proxy:			<none>
Request params:	<none>
Query params:	<none>
Form params:	<none>
Path params:	<none>
Headers:		api_key=apiKey
				Accept=application/json
				api_key=apiKey
				Content-Type=application/json
Cookies:		<none>
Multiparts:		<none>
Body:
{
    "id": 9,
    "petId": 42520,
    "quantity": 1,
    "shipDate": "2024-01-07T15:50:46.121Z",
    "status": "placed",
    "complete": true
}
Request method:	POST
Request URI:	https://petstore.swagger.io/v2/store/order
Proxy:			<none>
Request params:	<none>
Query params:	<none>
Form params:	<none>
Path params:	<none>
Headers:		api_key=apiKey
				Accept=application/json
				api_key=apiKey
				Content-Type=application/json
Cookies:		<none>
Multiparts:		<none>
Body:
{
    "id": 9,
    "petId": 42520,
    "quantity": 1,
    "shipDate": "2024-01-07T15:50:46.121Z",
    "status": "placed",
    "complete": true
}
HTTP/1.1 200 OK
Date: Sat, 13 Jan 2024 10:12:24 GMT
Content-Type: application/json
Transfer-Encoding: chunked
Connection: keep-alive
Access-Control-Allow-Origin: *
Access-Control-Allow-Methods: GET, POST, DELETE, PUT
Access-Control-Allow-Headers: Content-Type, api_key, Authorization
Server: Jetty(9.2.9.v20150224)

{
    "id": 9,
    "petId": 42520,
    "quantity": 1,
    "shipDate": "2024-01-07T15:50:46.121+0000",
    "status": "placed",
    "complete": true
}
HTTP/1.1 200 OK
Date: Sat, 13 Jan 2024 10:12:24 GMT
Content-Type: application/json
Transfer-Encoding: chunked
Connection: keep-alive
Access-Control-Allow-Origin: *
Access-Control-Allow-Methods: GET, POST, DELETE, PUT
Access-Control-Allow-Headers: Content-Type, api_key, Authorization
Server: Jetty(9.2.9.v20150224)

{
    "id": 9,
    "petId": 42520,
    "quantity": 1,
    "shipDate": "2024-01-07T15:50:46.121+0000",
    "status": "placed",
    "complete": true
}
]]></system-out>
  </testcase>
  <testcase name="findPurchaseOrderById" classname="tests.StoreTests" time="1.014">
    <system-out><![CDATA[Request method:	GET
Request URI:	https://petstore.swagger.io/v2/store/order/9
Proxy:			<none>
Request params:	<none>
Query params:	<none>
Form params:	<none>
Path params:	orderId=9
Headers:		api_key=apiKey
				Accept=application/json
				api_key=apiKey
				Content-Type=application/json
Cookies:		<none>
Multiparts:		<none>
Body:			<none>
Request method:	GET
Request URI:	https://petstore.swagger.io/v2/store/order/9
Proxy:			<none>
Request params:	<none>
Query params:	<none>
Form params:	<none>
Path params:	orderId=9
Headers:		api_key=apiKey
				Accept=application/json
				api_key=apiKey
				Content-Type=application/json
Cookies:		<none>
Multiparts:		<none>
Body:			<none>
HTTP/1.1 200 OK
Date: Sat, 13 Jan 2024 10:12:25 GMT
Content-Type: application/json
Transfer-Encoding: chunked
Connection: keep-alive
Access-Control-Allow-Origin: *
Access-Control-Allow-Methods: GET, POST, DELETE, PUT
Access-Control-Allow-Headers: Content-Type, api_key, Authorization
Server: Jetty(9.2.9.v20150224)

{
    "id": 9,
    "petId": 42520,
    "quantity": 1,
    "shipDate": "2024-01-07T15:50:46.121+0000",
    "status": "placed",
    "complete": true
}
HTTP/1.1 200 OK
Date: Sat, 13 Jan 2024 10:12:25 GMT
Content-Type: application/json
Transfer-Encoding: chunked
Connection: keep-alive
Access-Control-Allow-Origin: *
Access-Control-Allow-Methods: GET, POST, DELETE, PUT
Access-Control-Allow-Headers: Content-Type, api_key, Authorization
Server: Jetty(9.2.9.v20150224)

{
    "id": 9,
    "petId": 42520,
    "quantity": 1,
    "shipDate": "2024-01-07T15:50:46.121+0000",
    "status": "placed",
    "complete": true
}
]]></system-out>
  </testcase>
  <testcase name="deletePurchaseOrderById" classname="tests.StoreTests" time="1.017">
    <system-out><![CDATA[Request method:	DELETE
Request URI:	https://petstore.swagger.io/v2/store/order/9
Proxy:			<none>
Request params:	<none>
Query params:	<none>
Form params:	<none>
Path params:	orderId=9
Headers:		api_key=apiKey
				Accept=application/json
				api_key=apiKey
				Content-Type=application/json
Cookies:		<none>
Multiparts:		<none>
Body:			<none>
Request method:	DELETE
Request URI:	https://petstore.swagger.io/v2/store/order/9
Proxy:			<none>
Request params:	<none>
Query params:	<none>
Form params:	<none>
Path params:	orderId=9
Headers:		api_key=apiKey
				Accept=application/json
				api_key=apiKey
				Content-Type=application/json
Cookies:		<none>
Multiparts:		<none>
Body:			<none>
HTTP/1.1 200 OK
Date: Sat, 13 Jan 2024 10:12:26 GMT
Content-Type: application/json
Transfer-Encoding: chunked
Connection: keep-alive
Access-Control-Allow-Origin: *
Access-Control-Allow-Methods: GET, POST, DELETE, PUT
Access-Control-Allow-Headers: Content-Type, api_key, Authorization
Server: Jetty(9.2.9.v20150224)

{
    "code": 200,
    "type": "unknown",
    "message": "9"
}
HTTP/1.1 200 OK
Date: Sat, 13 Jan 2024 10:12:26 GMT
Content-Type: application/json
Transfer-Encoding: chunked
Connection: keep-alive
Access-Control-Allow-Origin: *
Access-Control-Allow-Methods: GET, POST, DELETE, PUT
Access-Control-Allow-Headers: Content-Type, api_key, Authorization
Server: Jetty(9.2.9.v20150224)

{
    "code": 200,
    "type": "unknown",
    "message": "9"
}
]]></system-out>
  </testcase>
  <testcase name="login" classname="tests.UserTests" time="0.923">
    <system-out><![CDATA[Request method:	GET
Request URI:	https://petstore.swagger.io/v2/user/login?username=test&password=abc123
Proxy:			<none>
Request params:	<none>
Query params:	username=test
				password=abc123
Form params:	<none>
Path params:	<none>
Headers:		api_key=apiKey
				api_key=apiKey
				Accept=application/json
				api_key=apiKey
				Content-Type=application/json
Cookies:		<none>
Multiparts:		<none>
Body:			<none>
Request method:	GET
Request URI:	https://petstore.swagger.io/v2/user/login?username=test&password=abc123
Proxy:			<none>
Request params:	<none>
Query params:	username=test
				password=abc123
Form params:	<none>
Path params:	<none>
Headers:		api_key=apiKey
				api_key=apiKey
				Accept=application/json
				api_key=apiKey
				Content-Type=application/json
Cookies:		<none>
Multiparts:		<none>
Body:			<none>
Request method:	GET
Request URI:	https://petstore.swagger.io/v2/user/login?username=test&password=abc123
Proxy:			<none>
Request params:	<none>
Query params:	username=test
				password=abc123
Form params:	<none>
Path params:	<none>
Headers:		api_key=apiKey
				api_key=apiKey
				Accept=application/json
				api_key=apiKey
				Content-Type=application/json
Cookies:		<none>
Multiparts:		<none>
Body:			<none>
HTTP/1.1 200 OK
Date: Sat, 13 Jan 2024 10:12:27 GMT
Content-Type: application/json
Transfer-Encoding: chunked
Connection: keep-alive
Access-Control-Allow-Origin: *
Access-Control-Allow-Methods: GET, POST, DELETE, PUT
Access-Control-Allow-Headers: Content-Type, api_key, Authorization
X-Expires-After: Sat Jan 13 11:12:27 UTC 2024
X-Rate-Limit: 5000
Server: Jetty(9.2.9.v20150224)

{
    "code": 200,
    "type": "unknown",
    "message": "logged in user session:1705140747173"
}
HTTP/1.1 200 OK
Date: Sat, 13 Jan 2024 10:12:27 GMT
Content-Type: application/json
Transfer-Encoding: chunked
Connection: keep-alive
Access-Control-Allow-Origin: *
Access-Control-Allow-Methods: GET, POST, DELETE, PUT
Access-Control-Allow-Headers: Content-Type, api_key, Authorization
X-Expires-After: Sat Jan 13 11:12:27 UTC 2024
X-Rate-Limit: 5000
Server: Jetty(9.2.9.v20150224)

{
    "code": 200,
    "type": "unknown",
    "message": "logged in user session:1705140747173"
}
HTTP/1.1 200 OK
Date: Sat, 13 Jan 2024 10:12:27 GMT
Content-Type: application/json
Transfer-Encoding: chunked
Connection: keep-alive
Access-Control-Allow-Origin: *
Access-Control-Allow-Methods: GET, POST, DELETE, PUT
Access-Control-Allow-Headers: Content-Type, api_key, Authorization
X-Expires-After: Sat Jan 13 11:12:27 UTC 2024
X-Rate-Limit: 5000
Server: Jetty(9.2.9.v20150224)

{
    "code": 200,
    "type": "unknown",
    "message": "logged in user session:1705140747173"
}
]]></system-out>
  </testcase>
  <testcase name="createUser" classname="tests.UserTests" time="1.022">
    <system-out><![CDATA[Request method:	POST
Request URI:	https://petstore.swagger.io/v2/user
Proxy:			<none>
Request params:	<none>
Query params:	<none>
Form params:	<none>
Path params:	<none>
Headers:		api_key=apiKey
				api_key=apiKey
				Accept=application/json
				api_key=apiKey
				Content-Type=application/json
Cookies:		<none>
Multiparts:		<none>
Body:
{
    "id": 821018,
    "username": "veEMuBBaOI",
    "firstName": "LIdVsCrFWg",
    "lastName": "xZbdXfDTzJ",
    "email": "jfbfxls@gmail.com",
    "password": "mDnmsTScFj",
    "phone": "2752415754",
    "userStatus": 96
}
Request method:	POST
Request URI:	https://petstore.swagger.io/v2/user
Proxy:			<none>
Request params:	<none>
Query params:	<none>
Form params:	<none>
Path params:	<none>
Headers:		api_key=apiKey
				api_key=apiKey
				Accept=application/json
				api_key=apiKey
				Content-Type=application/json
Cookies:		<none>
Multiparts:		<none>
Body:
{
    "id": 821018,
    "username": "veEMuBBaOI",
    "firstName": "LIdVsCrFWg",
    "lastName": "xZbdXfDTzJ",
    "email": "jfbfxls@gmail.com",
    "password": "mDnmsTScFj",
    "phone": "2752415754",
    "userStatus": 96
}
Request method:	POST
Request URI:	https://petstore.swagger.io/v2/user
Proxy:			<none>
Request params:	<none>
Query params:	<none>
Form params:	<none>
Path params:	<none>
Headers:		api_key=apiKey
				api_key=apiKey
				Accept=application/json
				api_key=apiKey
				Content-Type=application/json
Cookies:		<none>
Multiparts:		<none>
Body:
{
    "id": 821018,
    "username": "veEMuBBaOI",
    "firstName": "LIdVsCrFWg",
    "lastName": "xZbdXfDTzJ",
    "email": "jfbfxls@gmail.com",
    "password": "mDnmsTScFj",
    "phone": "2752415754",
    "userStatus": 96
}
HTTP/1.1 200 OK
Date: Sat, 13 Jan 2024 10:12:28 GMT
Content-Type: application/json
Transfer-Encoding: chunked
Connection: keep-alive
Access-Control-Allow-Origin: *
Access-Control-Allow-Methods: GET, POST, DELETE, PUT
Access-Control-Allow-Headers: Content-Type, api_key, Authorization
Server: Jetty(9.2.9.v20150224)

{
    "code": 200,
    "type": "unknown",
    "message": "821018"
}
HTTP/1.1 200 OK
Date: Sat, 13 Jan 2024 10:12:28 GMT
Content-Type: application/json
Transfer-Encoding: chunked
Connection: keep-alive
Access-Control-Allow-Origin: *
Access-Control-Allow-Methods: GET, POST, DELETE, PUT
Access-Control-Allow-Headers: Content-Type, api_key, Authorization
Server: Jetty(9.2.9.v20150224)

{
    "code": 200,
    "type": "unknown",
    "message": "821018"
}
HTTP/1.1 200 OK
Date: Sat, 13 Jan 2024 10:12:28 GMT
Content-Type: application/json
Transfer-Encoding: chunked
Connection: keep-alive
Access-Control-Allow-Origin: *
Access-Control-Allow-Methods: GET, POST, DELETE, PUT
Access-Control-Allow-Headers: Content-Type, api_key, Authorization
Server: Jetty(9.2.9.v20150224)

{
    "code": 200,
    "type": "unknown",
    "message": "821018"
}
]]></system-out>
  </testcase>
  <testcase name="createUsersWithArray" classname="tests.UserTests" time="3.694">
    <system-out><![CDATA[Request method:	POST
Request URI:	https://petstore.swagger.io/v2/user/createWithArray
Proxy:			<none>
Request params:	<none>
Query params:	<none>
Form params:	<none>
Path params:	<none>
Headers:		api_key=apiKey
				api_key=apiKey
				Accept=application/json
				api_key=apiKey
				Content-Type=application/json
Cookies:		<none>
Multiparts:		<none>
Body:
[
    {
        "id": 854542,
        "username": "CQMHHffhlc",
        "firstName": "WdMHmFMjMb",
        "lastName": "iEmKuBdNhU",
        "email": "qcdfdcy@gmail.com",
        "password": "sZmSTUJhKu",
        "phone": "8881161375",
        "userStatus": 14
    },
    {
        "id": 826769,
        "username": "ispJZWFPTb",
        "firstName": "zmqYSLyJSR",
        "lastName": "AhtVuNXYZE",
        "email": "dyiddcj@gmail.com",
        "password": "qnySvFogkE",
        "phone": "8219568367",
        "userStatus": 94
    },
    {
        "id": 267394,
        "username": "zCQJggmhgk",
        "firstName": "ZvkqSoRduz",
        "lastName": "TpAgnljHPR",
        "email": "ikyhobh@gmail.com",
        "password": "mqYJqKrsiY",
        "phone": "1815261139",
        "userStatus": 30
    }
]
Request method:	POST
Request URI:	https://petstore.swagger.io/v2/user/createWithArray
Proxy:			<none>
Request params:	<none>
Query params:	<none>
Form params:	<none>
Path params:	<none>
Headers:		api_key=apiKey
				api_key=apiKey
				Accept=application/json
				api_key=apiKey
				Content-Type=application/json
Cookies:		<none>
Multiparts:		<none>
Body:
[
    {
        "id": 854542,
        "username": "CQMHHffhlc",
        "firstName": "WdMHmFMjMb",
        "lastName": "iEmKuBdNhU",
        "email": "qcdfdcy@gmail.com",
        "password": "sZmSTUJhKu",
        "phone": "8881161375",
        "userStatus": 14
    },
    {
        "id": 826769,
        "username": "ispJZWFPTb",
        "firstName": "zmqYSLyJSR",
        "lastName": "AhtVuNXYZE",
        "email": "dyiddcj@gmail.com",
        "password": "qnySvFogkE",
        "phone": "8219568367",
        "userStatus": 94
    },
    {
        "id": 267394,
        "username": "zCQJggmhgk",
        "firstName": "ZvkqSoRduz",
        "lastName": "TpAgnljHPR",
        "email": "ikyhobh@gmail.com",
        "password": "mqYJqKrsiY",
        "phone": "1815261139",
        "userStatus": 30
    }
]
Request method:	POST
Request URI:	https://petstore.swagger.io/v2/user/createWithArray
Proxy:			<none>
Request params:	<none>
Query params:	<none>
Form params:	<none>
Path params:	<none>
Headers:		api_key=apiKey
				api_key=apiKey
				Accept=application/json
				api_key=apiKey
				Content-Type=application/json
Cookies:		<none>
Multiparts:		<none>
Body:
[
    {
        "id": 854542,
        "username": "CQMHHffhlc",
        "firstName": "WdMHmFMjMb",
        "lastName": "iEmKuBdNhU",
        "email": "qcdfdcy@gmail.com",
        "password": "sZmSTUJhKu",
        "phone": "8881161375",
        "userStatus": 14
    },
    {
        "id": 826769,
        "username": "ispJZWFPTb",
        "firstName": "zmqYSLyJSR",
        "lastName": "AhtVuNXYZE",
        "email": "dyiddcj@gmail.com",
        "password": "qnySvFogkE",
        "phone": "8219568367",
        "userStatus": 94
    },
    {
        "id": 267394,
        "username": "zCQJggmhgk",
        "firstName": "ZvkqSoRduz",
        "lastName": "TpAgnljHPR",
        "email": "ikyhobh@gmail.com",
        "password": "mqYJqKrsiY",
        "phone": "1815261139",
        "userStatus": 30
    }
]
HTTP/1.1 200 OK
Date: Sat, 13 Jan 2024 10:12:29 GMT
Content-Type: application/json
Transfer-Encoding: chunked
Connection: keep-alive
Access-Control-Allow-Origin: *
Access-Control-Allow-Methods: GET, POST, DELETE, PUT
Access-Control-Allow-Headers: Content-Type, api_key, Authorization
Server: Jetty(9.2.9.v20150224)

{
    "code": 200,
    "type": "unknown",
    "message": "ok"
}
HTTP/1.1 200 OK
Date: Sat, 13 Jan 2024 10:12:29 GMT
Content-Type: application/json
Transfer-Encoding: chunked
Connection: keep-alive
Access-Control-Allow-Origin: *
Access-Control-Allow-Methods: GET, POST, DELETE, PUT
Access-Control-Allow-Headers: Content-Type, api_key, Authorization
Server: Jetty(9.2.9.v20150224)

{
    "code": 200,
    "type": "unknown",
    "message": "ok"
}
HTTP/1.1 200 OK
Date: Sat, 13 Jan 2024 10:12:29 GMT
Content-Type: application/json
Transfer-Encoding: chunked
Connection: keep-alive
Access-Control-Allow-Origin: *
Access-Control-Allow-Methods: GET, POST, DELETE, PUT
Access-Control-Allow-Headers: Content-Type, api_key, Authorization
Server: Jetty(9.2.9.v20150224)

{
    "code": 200,
    "type": "unknown",
    "message": "ok"
}
Request method:	GET
Request URI:	https://petstore.swagger.io/v2/user/CQMHHffhlc
Proxy:			<none>
Request params:	<none>
Query params:	<none>
Form params:	<none>
Path params:	username=CQMHHffhlc
Headers:		api_key=apiKey
				api_key=apiKey
				Accept=application/json
				api_key=apiKey
				Content-Type=application/json
Cookies:		<none>
Multiparts:		<none>
Body:			<none>
Request method:	GET
Request URI:	https://petstore.swagger.io/v2/user/CQMHHffhlc
Proxy:			<none>
Request params:	<none>
Query params:	<none>
Form params:	<none>
Path params:	username=CQMHHffhlc
Headers:		api_key=apiKey
				api_key=apiKey
				Accept=application/json
				api_key=apiKey
				Content-Type=application/json
Cookies:		<none>
Multiparts:		<none>
Body:			<none>
Request method:	GET
Request URI:	https://petstore.swagger.io/v2/user/CQMHHffhlc
Proxy:			<none>
Request params:	<none>
Query params:	<none>
Form params:	<none>
Path params:	username=CQMHHffhlc
Headers:		api_key=apiKey
				api_key=apiKey
				Accept=application/json
				api_key=apiKey
				Content-Type=application/json
Cookies:		<none>
Multiparts:		<none>
Body:			<none>
HTTP/1.1 200 OK
Date: Sat, 13 Jan 2024 10:12:29 GMT
Content-Type: application/json
Transfer-Encoding: chunked
Connection: keep-alive
Access-Control-Allow-Origin: *
Access-Control-Allow-Methods: GET, POST, DELETE, PUT
Access-Control-Allow-Headers: Content-Type, api_key, Authorization
Server: Jetty(9.2.9.v20150224)

{
    "id": 854542,
    "username": "CQMHHffhlc",
    "firstName": "WdMHmFMjMb",
    "lastName": "iEmKuBdNhU",
    "email": "qcdfdcy@gmail.com",
    "password": "sZmSTUJhKu",
    "phone": "8881161375",
    "userStatus": 14
}
HTTP/1.1 200 OK
Date: Sat, 13 Jan 2024 10:12:29 GMT
Content-Type: application/json
Transfer-Encoding: chunked
Connection: keep-alive
Access-Control-Allow-Origin: *
Access-Control-Allow-Methods: GET, POST, DELETE, PUT
Access-Control-Allow-Headers: Content-Type, api_key, Authorization
Server: Jetty(9.2.9.v20150224)

{
    "id": 854542,
    "username": "CQMHHffhlc",
    "firstName": "WdMHmFMjMb",
    "lastName": "iEmKuBdNhU",
    "email": "qcdfdcy@gmail.com",
    "password": "sZmSTUJhKu",
    "phone": "8881161375",
    "userStatus": 14
}
HTTP/1.1 200 OK
Date: Sat, 13 Jan 2024 10:12:29 GMT
Content-Type: application/json
Transfer-Encoding: chunked
Connection: keep-alive
Access-Control-Allow-Origin: *
Access-Control-Allow-Methods: GET, POST, DELETE, PUT
Access-Control-Allow-Headers: Content-Type, api_key, Authorization
Server: Jetty(9.2.9.v20150224)

{
    "id": 854542,
    "username": "CQMHHffhlc",
    "firstName": "WdMHmFMjMb",
    "lastName": "iEmKuBdNhU",
    "email": "qcdfdcy@gmail.com",
    "password": "sZmSTUJhKu",
    "phone": "8881161375",
    "userStatus": 14
}
Request method:	GET
Request URI:	https://petstore.swagger.io/v2/user/ispJZWFPTb
Proxy:			<none>
Request params:	<none>
Query params:	<none>
Form params:	<none>
Path params:	username=ispJZWFPTb
Headers:		api_key=apiKey
				api_key=apiKey
				Accept=application/json
				api_key=apiKey
				Content-Type=application/json
Cookies:		<none>
Multiparts:		<none>
Body:			<none>
Request method:	GET
Request URI:	https://petstore.swagger.io/v2/user/ispJZWFPTb
Proxy:			<none>
Request params:	<none>
Query params:	<none>
Form params:	<none>
Path params:	username=ispJZWFPTb
Headers:		api_key=apiKey
				api_key=apiKey
				Accept=application/json
				api_key=apiKey
				Content-Type=application/json
Cookies:		<none>
Multiparts:		<none>
Body:			<none>
Request method:	GET
Request URI:	https://petstore.swagger.io/v2/user/ispJZWFPTb
Proxy:			<none>
Request params:	<none>
Query params:	<none>
Form params:	<none>
Path params:	username=ispJZWFPTb
Headers:		api_key=apiKey
				api_key=apiKey
				Accept=application/json
				api_key=apiKey
				Content-Type=application/json
Cookies:		<none>
Multiparts:		<none>
Body:			<none>
HTTP/1.1 200 OK
Date: Sat, 13 Jan 2024 10:12:30 GMT
Content-Type: application/json
Transfer-Encoding: chunked
Connection: keep-alive
Access-Control-Allow-Origin: *
Access-Control-Allow-Methods: GET, POST, DELETE, PUT
Access-Control-Allow-Headers: Content-Type, api_key, Authorization
Server: Jetty(9.2.9.v20150224)

{
    "id": 826769,
    "username": "ispJZWFPTb",
    "firstName": "zmqYSLyJSR",
    "lastName": "AhtVuNXYZE",
    "email": "dyiddcj@gmail.com",
    "password": "qnySvFogkE",
    "phone": "8219568367",
    "userStatus": 94
}
HTTP/1.1 200 OK
Date: Sat, 13 Jan 2024 10:12:30 GMT
Content-Type: application/json
Transfer-Encoding: chunked
Connection: keep-alive
Access-Control-Allow-Origin: *
Access-Control-Allow-Methods: GET, POST, DELETE, PUT
Access-Control-Allow-Headers: Content-Type, api_key, Authorization
Server: Jetty(9.2.9.v20150224)

{
    "id": 826769,
    "username": "ispJZWFPTb",
    "firstName": "zmqYSLyJSR",
    "lastName": "AhtVuNXYZE",
    "email": "dyiddcj@gmail.com",
    "password": "qnySvFogkE",
    "phone": "8219568367",
    "userStatus": 94
}
HTTP/1.1 200 OK
Date: Sat, 13 Jan 2024 10:12:30 GMT
Content-Type: application/json
Transfer-Encoding: chunked
Connection: keep-alive
Access-Control-Allow-Origin: *
Access-Control-Allow-Methods: GET, POST, DELETE, PUT
Access-Control-Allow-Headers: Content-Type, api_key, Authorization
Server: Jetty(9.2.9.v20150224)

{
    "id": 826769,
    "username": "ispJZWFPTb",
    "firstName": "zmqYSLyJSR",
    "lastName": "AhtVuNXYZE",
    "email": "dyiddcj@gmail.com",
    "password": "qnySvFogkE",
    "phone": "8219568367",
    "userStatus": 94
}
Request method:	GET
Request URI:	https://petstore.swagger.io/v2/user/zCQJggmhgk
Proxy:			<none>
Request params:	<none>
Query params:	<none>
Form params:	<none>
Path params:	username=zCQJggmhgk
Headers:		api_key=apiKey
				api_key=apiKey
				Accept=application/json
				api_key=apiKey
				Content-Type=application/json
Cookies:		<none>
Multiparts:		<none>
Body:			<none>
Request method:	GET
Request URI:	https://petstore.swagger.io/v2/user/zCQJggmhgk
Proxy:			<none>
Request params:	<none>
Query params:	<none>
Form params:	<none>
Path params:	username=zCQJggmhgk
Headers:		api_key=apiKey
				api_key=apiKey
				Accept=application/json
				api_key=apiKey
				Content-Type=application/json
Cookies:		<none>
Multiparts:		<none>
Body:			<none>
Request method:	GET
Request URI:	https://petstore.swagger.io/v2/user/zCQJggmhgk
Proxy:			<none>
Request params:	<none>
Query params:	<none>
Form params:	<none>
Path params:	username=zCQJggmhgk
Headers:		api_key=apiKey
				api_key=apiKey
				Accept=application/json
				api_key=apiKey
				Content-Type=application/json
Cookies:		<none>
Multiparts:		<none>
Body:			<none>
HTTP/1.1 200 OK
Date: Sat, 13 Jan 2024 10:12:31 GMT
Content-Type: application/json
Transfer-Encoding: chunked
Connection: keep-alive
Access-Control-Allow-Origin: *
Access-Control-Allow-Methods: GET, POST, DELETE, PUT
Access-Control-Allow-Headers: Content-Type, api_key, Authorization
Server: Jetty(9.2.9.v20150224)

{
    "id": 267394,
    "username": "zCQJggmhgk",
    "firstName": "ZvkqSoRduz",
    "lastName": "TpAgnljHPR",
    "email": "ikyhobh@gmail.com",
    "password": "mqYJqKrsiY",
    "phone": "1815261139",
    "userStatus": 30
}
HTTP/1.1 200 OK
Date: Sat, 13 Jan 2024 10:12:31 GMT
Content-Type: application/json
Transfer-Encoding: chunked
Connection: keep-alive
Access-Control-Allow-Origin: *
Access-Control-Allow-Methods: GET, POST, DELETE, PUT
Access-Control-Allow-Headers: Content-Type, api_key, Authorization
Server: Jetty(9.2.9.v20150224)

{
    "id": 267394,
    "username": "zCQJggmhgk",
    "firstName": "ZvkqSoRduz",
    "lastName": "TpAgnljHPR",
    "email": "ikyhobh@gmail.com",
    "password": "mqYJqKrsiY",
    "phone": "1815261139",
    "userStatus": 30
}
HTTP/1.1 200 OK
Date: Sat, 13 Jan 2024 10:12:31 GMT
Content-Type: application/json
Transfer-Encoding: chunked
Connection: keep-alive
Access-Control-Allow-Origin: *
Access-Control-Allow-Methods: GET, POST, DELETE, PUT
Access-Control-Allow-Headers: Content-Type, api_key, Authorization
Server: Jetty(9.2.9.v20150224)

{
    "id": 267394,
    "username": "zCQJggmhgk",
    "firstName": "ZvkqSoRduz",
    "lastName": "TpAgnljHPR",
    "email": "ikyhobh@gmail.com",
    "password": "mqYJqKrsiY",
    "phone": "1815261139",
    "userStatus": 30
}
]]></system-out>
  </testcase>
  <testcase name="createUsersWithList" classname="tests.UserTests" time="4.099">
    <system-out><![CDATA[Request method:	POST
Request URI:	https://petstore.swagger.io/v2/user/createWithList
Proxy:			<none>
Request params:	<none>
Query params:	<none>
Form params:	<none>
Path params:	<none>
Headers:		api_key=apiKey
				api_key=apiKey
				Accept=application/json
				api_key=apiKey
				Content-Type=application/json
Cookies:		<none>
Multiparts:		<none>
Body:
[
    {
        "id": 308948,
        "username": "xbhpAinGAa",
        "firstName": "UZniRrGAGH",
        "lastName": "VQJHjHEjss",
        "email": "rtooqkv@gmail.com",
        "password": "iCkLgQAiqC",
        "phone": "8221955364",
        "userStatus": 48
    },
    {
        "id": 922075,
        "username": "hFajErLKdP",
        "firstName": "topUBkOLbM",
        "lastName": "fdZTPbgRJh",
        "email": "jbjmhrj@gmail.com",
        "password": "MBGcggruSs",
        "phone": "5776422922",
        "userStatus": 77
    },
    {
        "id": 374405,
        "username": "IqEiqmmAXe",
        "firstName": "OoCQauJeNS",
        "lastName": "pDgMpWycuK",
        "email": "kxfdbeh@gmail.com",
        "password": "DMCZVpFmRC",
        "phone": "7757593561",
        "userStatus": 9
    }
]
Request method:	POST
Request URI:	https://petstore.swagger.io/v2/user/createWithList
Proxy:			<none>
Request params:	<none>
Query params:	<none>
Form params:	<none>
Path params:	<none>
Headers:		api_key=apiKey
				api_key=apiKey
				Accept=application/json
				api_key=apiKey
				Content-Type=application/json
Cookies:		<none>
Multiparts:		<none>
Body:
[
    {
        "id": 308948,
        "username": "xbhpAinGAa",
        "firstName": "UZniRrGAGH",
        "lastName": "VQJHjHEjss",
        "email": "rtooqkv@gmail.com",
        "password": "iCkLgQAiqC",
        "phone": "8221955364",
        "userStatus": 48
    },
    {
        "id": 922075,
        "username": "hFajErLKdP",
        "firstName": "topUBkOLbM",
        "lastName": "fdZTPbgRJh",
        "email": "jbjmhrj@gmail.com",
        "password": "MBGcggruSs",
        "phone": "5776422922",
        "userStatus": 77
    },
    {
        "id": 374405,
        "username": "IqEiqmmAXe",
        "firstName": "OoCQauJeNS",
        "lastName": "pDgMpWycuK",
        "email": "kxfdbeh@gmail.com",
        "password": "DMCZVpFmRC",
        "phone": "7757593561",
        "userStatus": 9
    }
]
Request method:	POST
Request URI:	https://petstore.swagger.io/v2/user/createWithList
Proxy:			<none>
Request params:	<none>
Query params:	<none>
Form params:	<none>
Path params:	<none>
Headers:		api_key=apiKey
				api_key=apiKey
				Accept=application/json
				api_key=apiKey
				Content-Type=application/json
Cookies:		<none>
Multiparts:		<none>
Body:
[
    {
        "id": 308948,
        "username": "xbhpAinGAa",
        "firstName": "UZniRrGAGH",
        "lastName": "VQJHjHEjss",
        "email": "rtooqkv@gmail.com",
        "password": "iCkLgQAiqC",
        "phone": "8221955364",
        "userStatus": 48
    },
    {
        "id": 922075,
        "username": "hFajErLKdP",
        "firstName": "topUBkOLbM",
        "lastName": "fdZTPbgRJh",
        "email": "jbjmhrj@gmail.com",
        "password": "MBGcggruSs",
        "phone": "5776422922",
        "userStatus": 77
    },
    {
        "id": 374405,
        "username": "IqEiqmmAXe",
        "firstName": "OoCQauJeNS",
        "lastName": "pDgMpWycuK",
        "email": "kxfdbeh@gmail.com",
        "password": "DMCZVpFmRC",
        "phone": "7757593561",
        "userStatus": 9
    }
]
HTTP/1.1 200 OK
Date: Sat, 13 Jan 2024 10:12:32 GMT
Content-Type: application/json
Transfer-Encoding: chunked
Connection: keep-alive
Access-Control-Allow-Origin: *
Access-Control-Allow-Methods: GET, POST, DELETE, PUT
Access-Control-Allow-Headers: Content-Type, api_key, Authorization
Server: Jetty(9.2.9.v20150224)

{
    "code": 200,
    "type": "unknown",
    "message": "ok"
}
HTTP/1.1 200 OK
Date: Sat, 13 Jan 2024 10:12:32 GMT
Content-Type: application/json
Transfer-Encoding: chunked
Connection: keep-alive
Access-Control-Allow-Origin: *
Access-Control-Allow-Methods: GET, POST, DELETE, PUT
Access-Control-Allow-Headers: Content-Type, api_key, Authorization
Server: Jetty(9.2.9.v20150224)

{
    "code": 200,
    "type": "unknown",
    "message": "ok"
}
HTTP/1.1 200 OK
Date: Sat, 13 Jan 2024 10:12:32 GMT
Content-Type: application/json
Transfer-Encoding: chunked
Connection: keep-alive
Access-Control-Allow-Origin: *
Access-Control-Allow-Methods: GET, POST, DELETE, PUT
Access-Control-Allow-Headers: Content-Type, api_key, Authorization
Server: Jetty(9.2.9.v20150224)

{
    "code": 200,
    "type": "unknown",
    "message": "ok"
}
Request method:	GET
Request URI:	https://petstore.swagger.io/v2/user/xbhpAinGAa
Proxy:			<none>
Request params:	<none>
Query params:	<none>
Form params:	<none>
Path params:	username=xbhpAinGAa
Headers:		api_key=apiKey
				api_key=apiKey
				Accept=application/json
				api_key=apiKey
				Content-Type=application/json
Cookies:		<none>
Multiparts:		<none>
Body:			<none>
Request method:	GET
Request URI:	https://petstore.swagger.io/v2/user/xbhpAinGAa
Proxy:			<none>
Request params:	<none>
Query params:	<none>
Form params:	<none>
Path params:	username=xbhpAinGAa
Headers:		api_key=apiKey
				api_key=apiKey
				Accept=application/json
				api_key=apiKey
				Content-Type=application/json
Cookies:		<none>
Multiparts:		<none>
Body:			<none>
Request method:	GET
Request URI:	https://petstore.swagger.io/v2/user/xbhpAinGAa
Proxy:			<none>
Request params:	<none>
Query params:	<none>
Form params:	<none>
Path params:	username=xbhpAinGAa
Headers:		api_key=apiKey
				api_key=apiKey
				Accept=application/json
				api_key=apiKey
				Content-Type=application/json
Cookies:		<none>
Multiparts:		<none>
Body:			<none>
HTTP/1.1 200 OK
Date: Sat, 13 Jan 2024 10:12:33 GMT
Content-Type: application/json
Transfer-Encoding: chunked
Connection: keep-alive
Access-Control-Allow-Origin: *
Access-Control-Allow-Methods: GET, POST, DELETE, PUT
Access-Control-Allow-Headers: Content-Type, api_key, Authorization
Server: Jetty(9.2.9.v20150224)

{
    "id": 308948,
    "username": "xbhpAinGAa",
    "firstName": "UZniRrGAGH",
    "lastName": "VQJHjHEjss",
    "email": "rtooqkv@gmail.com",
    "password": "iCkLgQAiqC",
    "phone": "8221955364",
    "userStatus": 48
}
HTTP/1.1 200 OK
Date: Sat, 13 Jan 2024 10:12:33 GMT
Content-Type: application/json
Transfer-Encoding: chunked
Connection: keep-alive
Access-Control-Allow-Origin: *
Access-Control-Allow-Methods: GET, POST, DELETE, PUT
Access-Control-Allow-Headers: Content-Type, api_key, Authorization
Server: Jetty(9.2.9.v20150224)

{
    "id": 308948,
    "username": "xbhpAinGAa",
    "firstName": "UZniRrGAGH",
    "lastName": "VQJHjHEjss",
    "email": "rtooqkv@gmail.com",
    "password": "iCkLgQAiqC",
    "phone": "8221955364",
    "userStatus": 48
}
HTTP/1.1 200 OK
Date: Sat, 13 Jan 2024 10:12:33 GMT
Content-Type: application/json
Transfer-Encoding: chunked
Connection: keep-alive
Access-Control-Allow-Origin: *
Access-Control-Allow-Methods: GET, POST, DELETE, PUT
Access-Control-Allow-Headers: Content-Type, api_key, Authorization
Server: Jetty(9.2.9.v20150224)

{
    "id": 308948,
    "username": "xbhpAinGAa",
    "firstName": "UZniRrGAGH",
    "lastName": "VQJHjHEjss",
    "email": "rtooqkv@gmail.com",
    "password": "iCkLgQAiqC",
    "phone": "8221955364",
    "userStatus": 48
}
Request method:	GET
Request URI:	https://petstore.swagger.io/v2/user/hFajErLKdP
Proxy:			<none>
Request params:	<none>
Query params:	<none>
Form params:	<none>
Path params:	username=hFajErLKdP
Headers:		api_key=apiKey
				api_key=apiKey
				Accept=application/json
				api_key=apiKey
				Content-Type=application/json
Cookies:		<none>
Multiparts:		<none>
Body:			<none>
Request method:	GET
Request URI:	https://petstore.swagger.io/v2/user/hFajErLKdP
Proxy:			<none>
Request params:	<none>
Query params:	<none>
Form params:	<none>
Path params:	username=hFajErLKdP
Headers:		api_key=apiKey
				api_key=apiKey
				Accept=application/json
				api_key=apiKey
				Content-Type=application/json
Cookies:		<none>
Multiparts:		<none>
Body:			<none>
Request method:	GET
Request URI:	https://petstore.swagger.io/v2/user/hFajErLKdP
Proxy:			<none>
Request params:	<none>
Query params:	<none>
Form params:	<none>
Path params:	username=hFajErLKdP
Headers:		api_key=apiKey
				api_key=apiKey
				Accept=application/json
				api_key=apiKey
				Content-Type=application/json
Cookies:		<none>
Multiparts:		<none>
Body:			<none>
HTTP/1.1 200 OK
Date: Sat, 13 Jan 2024 10:12:34 GMT
Content-Type: application/json
Transfer-Encoding: chunked
Connection: keep-alive
Access-Control-Allow-Origin: *
Access-Control-Allow-Methods: GET, POST, DELETE, PUT
Access-Control-Allow-Headers: Content-Type, api_key, Authorization
Server: Jetty(9.2.9.v20150224)

{
    "id": 922075,
    "username": "hFajErLKdP",
    "firstName": "topUBkOLbM",
    "lastName": "fdZTPbgRJh",
    "email": "jbjmhrj@gmail.com",
    "password": "MBGcggruSs",
    "phone": "5776422922",
    "userStatus": 77
}
HTTP/1.1 200 OK
Date: Sat, 13 Jan 2024 10:12:34 GMT
Content-Type: application/json
Transfer-Encoding: chunked
Connection: keep-alive
Access-Control-Allow-Origin: *
Access-Control-Allow-Methods: GET, POST, DELETE, PUT
Access-Control-Allow-Headers: Content-Type, api_key, Authorization
Server: Jetty(9.2.9.v20150224)

{
    "id": 922075,
    "username": "hFajErLKdP",
    "firstName": "topUBkOLbM",
    "lastName": "fdZTPbgRJh",
    "email": "jbjmhrj@gmail.com",
    "password": "MBGcggruSs",
    "phone": "5776422922",
    "userStatus": 77
}
HTTP/1.1 200 OK
Date: Sat, 13 Jan 2024 10:12:34 GMT
Content-Type: application/json
Transfer-Encoding: chunked
Connection: keep-alive
Access-Control-Allow-Origin: *
Access-Control-Allow-Methods: GET, POST, DELETE, PUT
Access-Control-Allow-Headers: Content-Type, api_key, Authorization
Server: Jetty(9.2.9.v20150224)

{
    "id": 922075,
    "username": "hFajErLKdP",
    "firstName": "topUBkOLbM",
    "lastName": "fdZTPbgRJh",
    "email": "jbjmhrj@gmail.com",
    "password": "MBGcggruSs",
    "phone": "5776422922",
    "userStatus": 77
}
Request method:	GET
Request URI:	https://petstore.swagger.io/v2/user/IqEiqmmAXe
Proxy:			<none>
Request params:	<none>
Query params:	<none>
Form params:	<none>
Path params:	username=IqEiqmmAXe
Headers:		api_key=apiKey
				api_key=apiKey
				Accept=application/json
				api_key=apiKey
				Content-Type=application/json
Cookies:		<none>
Multiparts:		<none>
Body:			<none>
Request method:	GET
Request URI:	https://petstore.swagger.io/v2/user/IqEiqmmAXe
Proxy:			<none>
Request params:	<none>
Query params:	<none>
Form params:	<none>
Path params:	username=IqEiqmmAXe
Headers:		api_key=apiKey
				api_key=apiKey
				Accept=application/json
				api_key=apiKey
				Content-Type=application/json
Cookies:		<none>
Multiparts:		<none>
Body:			<none>
Request method:	GET
Request URI:	https://petstore.swagger.io/v2/user/IqEiqmmAXe
Proxy:			<none>
Request params:	<none>
Query params:	<none>
Form params:	<none>
Path params:	username=IqEiqmmAXe
Headers:		api_key=apiKey
				api_key=apiKey
				Accept=application/json
				api_key=apiKey
				Content-Type=application/json
Cookies:		<none>
Multiparts:		<none>
Body:			<none>
HTTP/1.1 200 OK
Date: Sat, 13 Jan 2024 10:12:35 GMT
Content-Type: application/json
Transfer-Encoding: chunked
Connection: keep-alive
Access-Control-Allow-Origin: *
Access-Control-Allow-Methods: GET, POST, DELETE, PUT
Access-Control-Allow-Headers: Content-Type, api_key, Authorization
Server: Jetty(9.2.9.v20150224)

{
    "id": 374405,
    "username": "IqEiqmmAXe",
    "firstName": "OoCQauJeNS",
    "lastName": "pDgMpWycuK",
    "email": "kxfdbeh@gmail.com",
    "password": "DMCZVpFmRC",
    "phone": "7757593561",
    "userStatus": 9
}
HTTP/1.1 200 OK
Date: Sat, 13 Jan 2024 10:12:35 GMT
Content-Type: application/json
Transfer-Encoding: chunked
Connection: keep-alive
Access-Control-Allow-Origin: *
Access-Control-Allow-Methods: GET, POST, DELETE, PUT
Access-Control-Allow-Headers: Content-Type, api_key, Authorization
Server: Jetty(9.2.9.v20150224)

{
    "id": 374405,
    "username": "IqEiqmmAXe",
    "firstName": "OoCQauJeNS",
    "lastName": "pDgMpWycuK",
    "email": "kxfdbeh@gmail.com",
    "password": "DMCZVpFmRC",
    "phone": "7757593561",
    "userStatus": 9
}
HTTP/1.1 200 OK
Date: Sat, 13 Jan 2024 10:12:35 GMT
Content-Type: application/json
Transfer-Encoding: chunked
Connection: keep-alive
Access-Control-Allow-Origin: *
Access-Control-Allow-Methods: GET, POST, DELETE, PUT
Access-Control-Allow-Headers: Content-Type, api_key, Authorization
Server: Jetty(9.2.9.v20150224)

{
    "id": 374405,
    "username": "IqEiqmmAXe",
    "firstName": "OoCQauJeNS",
    "lastName": "pDgMpWycuK",
    "email": "kxfdbeh@gmail.com",
    "password": "DMCZVpFmRC",
    "phone": "7757593561",
    "userStatus": 9
}
]]></system-out>
  </testcase>
  <testcase name="getUserByUsername" classname="tests.UserTests" time="1.015">
    <system-out><![CDATA[Request method:	GET
Request URI:	https://petstore.swagger.io/v2/user/veEMuBBaOI
Proxy:			<none>
Request params:	<none>
Query params:	<none>
Form params:	<none>
Path params:	username=veEMuBBaOI
Headers:		api_key=apiKey
				api_key=apiKey
				Accept=application/json
				api_key=apiKey
				Content-Type=application/json
Cookies:		<none>
Multiparts:		<none>
Body:			<none>
Request method:	GET
Request URI:	https://petstore.swagger.io/v2/user/veEMuBBaOI
Proxy:			<none>
Request params:	<none>
Query params:	<none>
Form params:	<none>
Path params:	username=veEMuBBaOI
Headers:		api_key=apiKey
				api_key=apiKey
				Accept=application/json
				api_key=apiKey
				Content-Type=application/json
Cookies:		<none>
Multiparts:		<none>
Body:			<none>
Request method:	GET
Request URI:	https://petstore.swagger.io/v2/user/veEMuBBaOI
Proxy:			<none>
Request params:	<none>
Query params:	<none>
Form params:	<none>
Path params:	username=veEMuBBaOI
Headers:		api_key=apiKey
				api_key=apiKey
				Accept=application/json
				api_key=apiKey
				Content-Type=application/json
Cookies:		<none>
Multiparts:		<none>
Body:			<none>
HTTP/1.1 200 OK
Date: Sat, 13 Jan 2024 10:12:37 GMT
Content-Type: application/json
Transfer-Encoding: chunked
Connection: keep-alive
Access-Control-Allow-Origin: *
Access-Control-Allow-Methods: GET, POST, DELETE, PUT
Access-Control-Allow-Headers: Content-Type, api_key, Authorization
Server: Jetty(9.2.9.v20150224)

{
    "id": 821018,
    "username": "veEMuBBaOI",
    "firstName": "LIdVsCrFWg",
    "lastName": "xZbdXfDTzJ",
    "email": "jfbfxls@gmail.com",
    "password": "mDnmsTScFj",
    "phone": "2752415754",
    "userStatus": 96
}
HTTP/1.1 200 OK
Date: Sat, 13 Jan 2024 10:12:37 GMT
Content-Type: application/json
Transfer-Encoding: chunked
Connection: keep-alive
Access-Control-Allow-Origin: *
Access-Control-Allow-Methods: GET, POST, DELETE, PUT
Access-Control-Allow-Headers: Content-Type, api_key, Authorization
Server: Jetty(9.2.9.v20150224)

{
    "id": 821018,
    "username": "veEMuBBaOI",
    "firstName": "LIdVsCrFWg",
    "lastName": "xZbdXfDTzJ",
    "email": "jfbfxls@gmail.com",
    "password": "mDnmsTScFj",
    "phone": "2752415754",
    "userStatus": 96
}
HTTP/1.1 200 OK
Date: Sat, 13 Jan 2024 10:12:37 GMT
Content-Type: application/json
Transfer-Encoding: chunked
Connection: keep-alive
Access-Control-Allow-Origin: *
Access-Control-Allow-Methods: GET, POST, DELETE, PUT
Access-Control-Allow-Headers: Content-Type, api_key, Authorization
Server: Jetty(9.2.9.v20150224)

{
    "id": 821018,
    "username": "veEMuBBaOI",
    "firstName": "LIdVsCrFWg",
    "lastName": "xZbdXfDTzJ",
    "email": "jfbfxls@gmail.com",
    "password": "mDnmsTScFj",
    "phone": "2752415754",
    "userStatus": 96
}
]]></system-out>
  </testcase>
  <testcase name="updateUserEmailAddress" classname="tests.UserTests" time="1.947">
    <system-out><![CDATA[Request method:	PUT
Request URI:	https://petstore.swagger.io/v2/user/veEMuBBaOI
Proxy:			<none>
Request params:	<none>
Query params:	<none>
Form params:	<none>
Path params:	username=veEMuBBaOI
Headers:		api_key=apiKey
				api_key=apiKey
				Accept=application/json
				api_key=apiKey
				Content-Type=application/json
Cookies:		<none>
Multiparts:		<none>
Body:
{
    "id": 821018,
    "username": "veEMuBBaOI",
    "firstName": "LIdVsCrFWg",
    "lastName": "xZbdXfDTzJ",
    "email": "tjkcrbb@gmail.com",
    "password": "mDnmsTScFj",
    "phone": "2752415754",
    "userStatus": 96
}
Request method:	PUT
Request URI:	https://petstore.swagger.io/v2/user/veEMuBBaOI
Proxy:			<none>
Request params:	<none>
Query params:	<none>
Form params:	<none>
Path params:	username=veEMuBBaOI
Headers:		api_key=apiKey
				api_key=apiKey
				Accept=application/json
				api_key=apiKey
				Content-Type=application/json
Cookies:		<none>
Multiparts:		<none>
Body:
{
    "id": 821018,
    "username": "veEMuBBaOI",
    "firstName": "LIdVsCrFWg",
    "lastName": "xZbdXfDTzJ",
    "email": "tjkcrbb@gmail.com",
    "password": "mDnmsTScFj",
    "phone": "2752415754",
    "userStatus": 96
}
Request method:	PUT
Request URI:	https://petstore.swagger.io/v2/user/veEMuBBaOI
Proxy:			<none>
Request params:	<none>
Query params:	<none>
Form params:	<none>
Path params:	username=veEMuBBaOI
Headers:		api_key=apiKey
				api_key=apiKey
				Accept=application/json
				api_key=apiKey
				Content-Type=application/json
Cookies:		<none>
Multiparts:		<none>
Body:
{
    "id": 821018,
    "username": "veEMuBBaOI",
    "firstName": "LIdVsCrFWg",
    "lastName": "xZbdXfDTzJ",
    "email": "tjkcrbb@gmail.com",
    "password": "mDnmsTScFj",
    "phone": "2752415754",
    "userStatus": 96
}
HTTP/1.1 200 OK
Date: Sat, 13 Jan 2024 10:12:37 GMT
Content-Type: application/json
Transfer-Encoding: chunked
Connection: keep-alive
Access-Control-Allow-Origin: *
Access-Control-Allow-Methods: GET, POST, DELETE, PUT
Access-Control-Allow-Headers: Content-Type, api_key, Authorization
Server: Jetty(9.2.9.v20150224)

{
    "code": 200,
    "type": "unknown",
    "message": "821018"
}
HTTP/1.1 200 OK
Date: Sat, 13 Jan 2024 10:12:37 GMT
Content-Type: application/json
Transfer-Encoding: chunked
Connection: keep-alive
Access-Control-Allow-Origin: *
Access-Control-Allow-Methods: GET, POST, DELETE, PUT
Access-Control-Allow-Headers: Content-Type, api_key, Authorization
Server: Jetty(9.2.9.v20150224)

{
    "code": 200,
    "type": "unknown",
    "message": "821018"
}
HTTP/1.1 200 OK
Date: Sat, 13 Jan 2024 10:12:37 GMT
Content-Type: application/json
Transfer-Encoding: chunked
Connection: keep-alive
Access-Control-Allow-Origin: *
Access-Control-Allow-Methods: GET, POST, DELETE, PUT
Access-Control-Allow-Headers: Content-Type, api_key, Authorization
Server: Jetty(9.2.9.v20150224)

{
    "code": 200,
    "type": "unknown",
    "message": "821018"
}
Request method:	GET
Request URI:	https://petstore.swagger.io/v2/user/veEMuBBaOI
Proxy:			<none>
Request params:	<none>
Query params:	<none>
Form params:	<none>
Path params:	username=veEMuBBaOI
Headers:		api_key=apiKey
				api_key=apiKey
				Accept=application/json
				api_key=apiKey
				Content-Type=application/json
Cookies:		<none>
Multiparts:		<none>
Body:			<none>
Request method:	GET
Request URI:	https://petstore.swagger.io/v2/user/veEMuBBaOI
Proxy:			<none>
Request params:	<none>
Query params:	<none>
Form params:	<none>
Path params:	username=veEMuBBaOI
Headers:		api_key=apiKey
				api_key=apiKey
				Accept=application/json
				api_key=apiKey
				Content-Type=application/json
Cookies:		<none>
Multiparts:		<none>
Body:			<none>
Request method:	GET
Request URI:	https://petstore.swagger.io/v2/user/veEMuBBaOI
Proxy:			<none>
Request params:	<none>
Query params:	<none>
Form params:	<none>
Path params:	username=veEMuBBaOI
Headers:		api_key=apiKey
				api_key=apiKey
				Accept=application/json
				api_key=apiKey
				Content-Type=application/json
Cookies:		<none>
Multiparts:		<none>
Body:			<none>
HTTP/1.1 200 OK
Date: Sat, 13 Jan 2024 10:12:38 GMT
Content-Type: application/json
Transfer-Encoding: chunked
Connection: keep-alive
Access-Control-Allow-Origin: *
Access-Control-Allow-Methods: GET, POST, DELETE, PUT
Access-Control-Allow-Headers: Content-Type, api_key, Authorization
Server: Jetty(9.2.9.v20150224)

{
    "id": 821018,
    "username": "veEMuBBaOI",
    "firstName": "LIdVsCrFWg",
    "lastName": "xZbdXfDTzJ",
    "email": "tjkcrbb@gmail.com",
    "password": "mDnmsTScFj",
    "phone": "2752415754",
    "userStatus": 96
}
HTTP/1.1 200 OK
Date: Sat, 13 Jan 2024 10:12:38 GMT
Content-Type: application/json
Transfer-Encoding: chunked
Connection: keep-alive
Access-Control-Allow-Origin: *
Access-Control-Allow-Methods: GET, POST, DELETE, PUT
Access-Control-Allow-Headers: Content-Type, api_key, Authorization
Server: Jetty(9.2.9.v20150224)

{
    "id": 821018,
    "username": "veEMuBBaOI",
    "firstName": "LIdVsCrFWg",
    "lastName": "xZbdXfDTzJ",
    "email": "tjkcrbb@gmail.com",
    "password": "mDnmsTScFj",
    "phone": "2752415754",
    "userStatus": 96
}
HTTP/1.1 200 OK
Date: Sat, 13 Jan 2024 10:12:38 GMT
Content-Type: application/json
Transfer-Encoding: chunked
Connection: keep-alive
Access-Control-Allow-Origin: *
Access-Control-Allow-Methods: GET, POST, DELETE, PUT
Access-Control-Allow-Headers: Content-Type, api_key, Authorization
Server: Jetty(9.2.9.v20150224)

{
    "id": 821018,
    "username": "veEMuBBaOI",
    "firstName": "LIdVsCrFWg",
    "lastName": "xZbdXfDTzJ",
    "email": "tjkcrbb@gmail.com",
    "password": "mDnmsTScFj",
    "phone": "2752415754",
    "userStatus": 96
}
]]></system-out>
  </testcase>
  <testcase name="deleteUser" classname="tests.UserTests" time="1.845">
    <system-out><![CDATA[Request method:	DELETE
Request URI:	https://petstore.swagger.io/v2/user/veEMuBBaOI
Proxy:			<none>
Request params:	<none>
Query params:	<none>
Form params:	<none>
Path params:	username=veEMuBBaOI
Headers:		api_key=apiKey
				api_key=apiKey
				Accept=application/json
				api_key=apiKey
				Content-Type=application/json
Cookies:		<none>
Multiparts:		<none>
Body:			<none>
Request method:	DELETE
Request URI:	https://petstore.swagger.io/v2/user/veEMuBBaOI
Proxy:			<none>
Request params:	<none>
Query params:	<none>
Form params:	<none>
Path params:	username=veEMuBBaOI
Headers:		api_key=apiKey
				api_key=apiKey
				Accept=application/json
				api_key=apiKey
				Content-Type=application/json
Cookies:		<none>
Multiparts:		<none>
Body:			<none>
Request method:	DELETE
Request URI:	https://petstore.swagger.io/v2/user/veEMuBBaOI
Proxy:			<none>
Request params:	<none>
Query params:	<none>
Form params:	<none>
Path params:	username=veEMuBBaOI
Headers:		api_key=apiKey
				api_key=apiKey
				Accept=application/json
				api_key=apiKey
				Content-Type=application/json
Cookies:		<none>
Multiparts:		<none>
Body:			<none>
HTTP/1.1 200 OK
Date: Sat, 13 Jan 2024 10:12:39 GMT
Content-Type: application/json
Transfer-Encoding: chunked
Connection: keep-alive
Access-Control-Allow-Origin: *
Access-Control-Allow-Methods: GET, POST, DELETE, PUT
Access-Control-Allow-Headers: Content-Type, api_key, Authorization
Server: Jetty(9.2.9.v20150224)

{
    "code": 200,
    "type": "unknown",
    "message": "veEMuBBaOI"
}
HTTP/1.1 200 OK
Date: Sat, 13 Jan 2024 10:12:39 GMT
Content-Type: application/json
Transfer-Encoding: chunked
Connection: keep-alive
Access-Control-Allow-Origin: *
Access-Control-Allow-Methods: GET, POST, DELETE, PUT
Access-Control-Allow-Headers: Content-Type, api_key, Authorization
Server: Jetty(9.2.9.v20150224)

{
    "code": 200,
    "type": "unknown",
    "message": "veEMuBBaOI"
}
HTTP/1.1 200 OK
Date: Sat, 13 Jan 2024 10:12:39 GMT
Content-Type: application/json
Transfer-Encoding: chunked
Connection: keep-alive
Access-Control-Allow-Origin: *
Access-Control-Allow-Methods: GET, POST, DELETE, PUT
Access-Control-Allow-Headers: Content-Type, api_key, Authorization
Server: Jetty(9.2.9.v20150224)

{
    "code": 200,
    "type": "unknown",
    "message": "veEMuBBaOI"
}
Request method:	GET
Request URI:	https://petstore.swagger.io/v2/user/veEMuBBaOI
Proxy:			<none>
Request params:	<none>
Query params:	<none>
Form params:	<none>
Path params:	username=veEMuBBaOI
Headers:		api_key=apiKey
				api_key=apiKey
				Accept=application/json
				api_key=apiKey
				Content-Type=application/json
Cookies:		<none>
Multiparts:		<none>
Body:			<none>
Request method:	GET
Request URI:	https://petstore.swagger.io/v2/user/veEMuBBaOI
Proxy:			<none>
Request params:	<none>
Query params:	<none>
Form params:	<none>
Path params:	username=veEMuBBaOI
Headers:		api_key=apiKey
				api_key=apiKey
				Accept=application/json
				api_key=apiKey
				Content-Type=application/json
Cookies:		<none>
Multiparts:		<none>
Body:			<none>
Request method:	GET
Request URI:	https://petstore.swagger.io/v2/user/veEMuBBaOI
Proxy:			<none>
Request params:	<none>
Query params:	<none>
Form params:	<none>
Path params:	username=veEMuBBaOI
Headers:		api_key=apiKey
				api_key=apiKey
				Accept=application/json
				api_key=apiKey
				Content-Type=application/json
Cookies:		<none>
Multiparts:		<none>
Body:			<none>
HTTP/1.1 404 Not Found
Date: Sat, 13 Jan 2024 10:12:40 GMT
Content-Type: application/json
Transfer-Encoding: chunked
Connection: keep-alive
Access-Control-Allow-Origin: *
Access-Control-Allow-Methods: GET, POST, DELETE, PUT
Access-Control-Allow-Headers: Content-Type, api_key, Authorization
Server: Jetty(9.2.9.v20150224)

{
    "code": 1,
    "type": "error",
    "message": "User not found"
}
HTTP/1.1 404 Not Found
Date: Sat, 13 Jan 2024 10:12:40 GMT
Content-Type: application/json
Transfer-Encoding: chunked
Connection: keep-alive
Access-Control-Allow-Origin: *
Access-Control-Allow-Methods: GET, POST, DELETE, PUT
Access-Control-Allow-Headers: Content-Type, api_key, Authorization
Server: Jetty(9.2.9.v20150224)

{
    "code": 1,
    "type": "error",
    "message": "User not found"
}
HTTP/1.1 404 Not Found
Date: Sat, 13 Jan 2024 10:12:40 GMT
Content-Type: application/json
Transfer-Encoding: chunked
Connection: keep-alive
Access-Control-Allow-Origin: *
Access-Control-Allow-Methods: GET, POST, DELETE, PUT
Access-Control-Allow-Headers: Content-Type, api_key, Authorization
Server: Jetty(9.2.9.v20150224)

{
    "code": 1,
    "type": "error",
    "message": "User not found"
}
]]></system-out>
  </testcase>
  <testcase name="logout" classname="tests.UserTests" time="1.021">
    <system-out><![CDATA[Request method:	GET
Request URI:	https://petstore.swagger.io/v2/user/logout?username=test&password=abc123
Proxy:			<none>
Request params:	<none>
Query params:	username=test
				password=abc123
Form params:	<none>
Path params:	<none>
Headers:		api_key=apiKey
				api_key=apiKey
				Accept=application/json
				api_key=apiKey
				Content-Type=application/json
Cookies:		<none>
Multiparts:		<none>
Body:			<none>
Request method:	GET
Request URI:	https://petstore.swagger.io/v2/user/logout?username=test&password=abc123
Proxy:			<none>
Request params:	<none>
Query params:	username=test
				password=abc123
Form params:	<none>
Path params:	<none>
Headers:		api_key=apiKey
				api_key=apiKey
				Accept=application/json
				api_key=apiKey
				Content-Type=application/json
Cookies:		<none>
Multiparts:		<none>
Body:			<none>
Request method:	GET
Request URI:	https://petstore.swagger.io/v2/user/logout?username=test&password=abc123
Proxy:			<none>
Request params:	<none>
Query params:	username=test
				password=abc123
Form params:	<none>
Path params:	<none>
Headers:		api_key=apiKey
				api_key=apiKey
				Accept=application/json
				api_key=apiKey
				Content-Type=application/json
Cookies:		<none>
Multiparts:		<none>
Body:			<none>
HTTP/1.1 200 OK
Date: Sat, 13 Jan 2024 10:12:41 GMT
Content-Type: application/json
Transfer-Encoding: chunked
Connection: keep-alive
Access-Control-Allow-Origin: *
Access-Control-Allow-Methods: GET, POST, DELETE, PUT
Access-Control-Allow-Headers: Content-Type, api_key, Authorization
Server: Jetty(9.2.9.v20150224)

{
    "code": 200,
    "type": "unknown",
    "message": "ok"
}
HTTP/1.1 200 OK
Date: Sat, 13 Jan 2024 10:12:41 GMT
Content-Type: application/json
Transfer-Encoding: chunked
Connection: keep-alive
Access-Control-Allow-Origin: *
Access-Control-Allow-Methods: GET, POST, DELETE, PUT
Access-Control-Allow-Headers: Content-Type, api_key, Authorization
Server: Jetty(9.2.9.v20150224)

{
    "code": 200,
    "type": "unknown",
    "message": "ok"
}
HTTP/1.1 200 OK
Date: Sat, 13 Jan 2024 10:12:41 GMT
Content-Type: application/json
Transfer-Encoding: chunked
Connection: keep-alive
Access-Control-Allow-Origin: *
Access-Control-Allow-Methods: GET, POST, DELETE, PUT
Access-Control-Allow-Headers: Content-Type, api_key, Authorization
Server: Jetty(9.2.9.v20150224)

{
    "code": 200,
    "type": "unknown",
    "message": "ok"
}
]]></system-out>
  </testcase>
</testsuite>