<?xml version="1.0" encoding="UTF-8"?>
<testsuite xmlns:xsi="http://www.w3.org/2001/XMLSchema-instance" xsi:noNamespaceSchemaLocation="https://maven.apache.org/surefire/maven-surefire-plugin/xsd/surefire-test-report-3.0.xsd" version="3.0" name="TestSuite" time="35.5" tests="23" errors="0" skipped="0" failures="1">
  <properties>
[...]
</properties>
  <testcase name="createPet" classname="tests.PetTests" time="1.726">
    <system-out><![CDATA[[TestNGContentHandler] [WARN] It is strongly recommended to add "<!DOCTYPE suite SYSTEM "https://testng.org/testng-1.0.dtd" >" at the top of your file, otherwise TestNG may fail or not work as expected.
Request method:	POST
Request URI:	https://petstore.swagger.io/v2/pet
Proxy:			<none>
Request params:	<none>
Query params:	<none>
Form params:	<none>
Path params:	<none>
Headers:		Accept=application/json
				api_key=apiKey
				Content-Type=application/json
Cookies:		<none>
Multiparts:		<none>
Body:
{
    "id": 991301,
    "category": {
        "id": 81495,
        "name": "dogs"
    },
    "name": "kiQtjDNbUh",
    "photoUrls": [
        "src/test/java/cute-puppy.jpg"
    ],
    "tags": [
        {
            "id": 634752,
            "name": "DtoNmqBYBT"
        },
        {
            "id": 929178,
            "name": "PzEtBpvWqP"
        }
    ],
    "status": "available"
}
HTTP/1.1 200 OK
Date: Sat, 13 Jan 2024 10:07:06 GMT
Content-Type: application/json
Transfer-Encoding: chunked
Connection: keep-alive
Access-Control-Allow-Origin: *
Access-Control-Allow-Methods: GET, POST, DELETE, PUT
Access-Control-Allow-Headers: Content-Type, api_key, Authorization
Server: Jetty(9.2.9.v20150224)

{
    "id": 991301,
    "category": {
        "id": 81495,
        "name": "dogs"
    },
    "name": "kiQtjDNbUh",
    "photoUrls": [
        "src/test/java/cute-puppy.jpg"
    ],
    "tags": [
        {
            "id": 634752,
            "name": "DtoNmqBYBT"
        },
        {
            "id": 929178,
            "name": "PzEtBpvWqP"
        }
    ],
    "status": "available"
}
]]></system-out>
  </testcase>
  <testcase name="getPetAndValidateCategoryName" classname="tests.PetTests" time="1.094">
    <system-out><![CDATA[Request method:	GET
Request URI:	https://petstore.swagger.io/v2/pet/991301
Proxy:			<none>
Request params:	<none>
Query params:	<none>
Form params:	<none>
Path params:	petId=991301
Headers:		Accept=application/json
				api_key=apiKey
				Content-Type=application/json
Cookies:		<none>
Multiparts:		<none>
Body:			<none>
HTTP/1.1 200 OK
Date: Sat, 13 Jan 2024 10:07:08 GMT
Content-Type: application/json
Transfer-Encoding: chunked
Connection: keep-alive
Access-Control-Allow-Origin: *
Access-Control-Allow-Methods: GET, POST, DELETE, PUT
Access-Control-Allow-Headers: Content-Type, api_key, Authorization
Server: Jetty(9.2.9.v20150224)

{
    "id": 991301,
    "category": {
        "id": 81495,
        "name": "dogs"
    },
    "name": "kiQtjDNbUh",
    "photoUrls": [
        "src/test/java/cute-puppy.jpg"
    ],
    "tags": [
        {
            "id": 634752,
            "name": "DtoNmqBYBT"
        },
        {
            "id": 929178,
            "name": "PzEtBpvWqP"
        }
    ],
    "status": "available"
}
]]></system-out>
  </testcase>
  <testcase name="getPetAndValidateName" classname="tests.PetTests" time="1.009">
    <system-out><![CDATA[Request method:	GET
Request URI:	https://petstore.swagger.io/v2/pet/991301
Proxy:			<none>
Request params:	<none>
Query params:	<none>
Form params:	<none>
Path params:	petId=991301
Headers:		Accept=application/json
				api_key=apiKey
				Content-Type=application/json
Cookies:		<none>
Multiparts:		<none>
Body:			<none>
HTTP/1.1 200 OK
Date: Sat, 13 Jan 2024 10:07:09 GMT
Content-Type: application/json
Transfer-Encoding: chunked
Connection: keep-alive
Access-Control-Allow-Origin: *
Access-Control-Allow-Methods: GET, POST, DELETE, PUT
Access-Control-Allow-Headers: Content-Type, api_key, Authorization
Server: Jetty(9.2.9.v20150224)

{
    "id": 991301,
    "category": {
        "id": 81495,
        "name": "dogs"
    },
    "name": "kiQtjDNbUh",
    "photoUrls": [
        "src/test/java/cute-puppy.jpg"
    ],
    "tags": [
        {
            "id": 634752,
            "name": "DtoNmqBYBT"
        },
        {
            "id": 929178,
            "name": "PzEtBpvWqP"
        }
    ],
    "status": "available"
}
]]></system-out>
  </testcase>
  <testcase name="getPetById" classname="tests.PetTests" time="0.921">
    <system-out><![CDATA[Request method:	GET
Request URI:	https://petstore.swagger.io/v2/pet/991301
Proxy:			<none>
Request params:	<none>
Query params:	<none>
Form params:	<none>
Path params:	petId=991301
Headers:		Accept=application/json
				api_key=apiKey
				Content-Type=application/json
Cookies:		<none>
Multiparts:		<none>
Body:			<none>
HTTP/1.1 200 OK
Date: Sat, 13 Jan 2024 10:07:10 GMT
Content-Type: application/json
Transfer-Encoding: chunked
Connection: keep-alive
Access-Control-Allow-Origin: *
Access-Control-Allow-Methods: GET, POST, DELETE, PUT
Access-Control-Allow-Headers: Content-Type, api_key, Authorization
Server: Jetty(9.2.9.v20150224)

{
    "id": 991301,
    "category": {
        "id": 81495,
        "name": "dogs"
    },
    "name": "kiQtjDNbUh",
    "photoUrls": [
        "src/test/java/cute-puppy.jpg"
    ],
    "tags": [
        {
            "id": 634752,
            "name": "DtoNmqBYBT"
        },
        {
            "id": 929178,
            "name": "PzEtBpvWqP"
        }
    ],
    "status": "available"
}
]]></system-out>
  </testcase>
  <testcase name="getPetsByStatus" classname="tests.PetTests" time="1.045">
    <failure message="com.fasterxml.jackson.databind.JsonMappingException: Numeric value (9223372036854755014) out of range of int (-2147483648 - 2147483647)&#10; at [Source: (String)&quot;{&quot;id&quot;:9223372036854755014,&quot;category&quot;:{&quot;id&quot;:0,&quot;name&quot;:&quot;Ringo&quot;},&quot;name&quot;:&quot;doggie&quot;,&quot;photoUrls&quot;:[&quot;string&quot;],&quot;tags&quot;:[{&quot;id&quot;:0,&quot;name&quot;:&quot;Cat&quot;}],&quot;status&quot;:&quot;sold&quot;}&quot;; line: 1, column: 26] (through reference chain: models.Pet[&quot;id&quot;])" type="java.lang.RuntimeException"><![CDATA[java.lang.RuntimeException: 
com.fasterxml.jackson.databind.JsonMappingException: Numeric value (9223372036854755014) out of range of int (-2147483648 - 2147483647)
 at [Source: (String)"{"id":9223372036854755014,"category":{"id":0,"name":"Ringo"},"name":"doggie","photoUrls":["string"],"tags":[{"id":0,"name":"Cat"}],"status":"sold"}"; line: 1, column: 26] (through reference chain: models.Pet["id"])
	at tests.PetTests.getPetsByStatus(PetTests.java:58)
Caused by: com.fasterxml.jackson.databind.JsonMappingException: 
Numeric value (9223372036854755014) out of range of int (-2147483648 - 2147483647)
 at [Source: (String)"{"id":9223372036854755014,"category":{"id":0,"name":"Ringo"},"name":"doggie","photoUrls":["string"],"tags":[{"id":0,"name":"Cat"}],"status":"sold"}"; line: 1, column: 26] (through reference chain: models.Pet["id"])
	at tests.PetTests.getPetsByStatus(PetTests.java:58)
Caused by: com.fasterxml.jackson.core.exc.InputCoercionException: 
Numeric value (9223372036854755014) out of range of int (-2147483648 - 2147483647)
 at [Source: (String)"{"id":9223372036854755014,"category":{"id":0,"name":"Ringo"},"name":"doggie","photoUrls":["string"],"tags":[{"id":0,"name":"Cat"}],"status":"sold"}"; line: 1, column: 26]
	at tests.PetTests.getPetsByStatus(PetTests.java:58)
]]></failure>
    <system-out><![CDATA[Request method:	GET
Request URI:	https://petstore.swagger.io/v2/pet/findByStatus?status=sold
Proxy:			<none>
Request params:	<none>
Query params:	status=sold
Form params:	<none>
Path params:	<none>
Headers:		Accept=application/json
				api_key=apiKey
				Content-Type=application/json
Cookies:		<none>
Multiparts:		<none>
Body:			<none>
HTTP/1.1 200 OK
Date: Sat, 13 Jan 2024 10:07:11 GMT
Content-Type: application/json
Transfer-Encoding: chunked
Connection: keep-alive
Access-Control-Allow-Origin: *
Access-Control-Allow-Methods: GET, POST, DELETE, PUT
Access-Control-Allow-Headers: Content-Type, api_key, Authorization
Server: Jetty(9.2.9.v20150224)

[
    {
        "id": 7777,
        "category": {
            "id": 7777,
            "name": "cat"
        },
        "name": "miranka",
        "photoUrls": [
            "string"
        ],
        "tags": [
            {
                "id": 7777,
                "name": "bengal"
            }
        ],
        "status": "sold"
    },
    {
        "id": 9223372036854755014,
        "category": {
            "id": 0,
            "name": "Ringo"
        },
        "name": "doggie",
        "photoUrls": [
            "string"
        ],
        "tags": [
            {
                "id": 0,
                "name": "Cat"
            }
        ],
        "status": "sold"
    },
    {
        "id": 9223372036854755029,
        "category": {
            "id": 0,
            "name": "Ringo"
        },
        "name": "doggie",
        "photoUrls": [
            "string"
        ],
        "tags": [
            {
                "id": 0,
                "name": "Cat"
            }
        ],
        "status": "sold"
    },
    {
        "id": 12084391,
        "category": {
            "id": -48583,
            "name": "cupidatat amet commodo"
        },
        "name": "doggie",
        "photoUrls": [
            "fugiat Ut eu",
            "exercitation nostr"
        ],
        "tags": [
            {
                "id": -27183415,
                "name": "e"
            },
            {
                "id": 86979382,
                "name": "in anim consectetur Lorem ut"
            }
        ],
        "status": "sold"
    }
]
]]></system-out>
  </testcase>
  <testcase name="uploadPetImage" classname="tests.PetTests" time="1.513">
    <system-out><![CDATA[Request method:	POST
Request URI:	https://petstore.swagger.io/v2/pet/991301/uploadImage
Proxy:			<none>
Request params:	<none>
Query params:	<none>
Form params:	<none>
Path params:	petId=991301
Headers:		Accept=application/json
				api_key=apiKey
				Content-Type=multipart/form-data
Cookies:		<none>
Multiparts:		------------
				Content-Disposition: form-data; name = file; filename = cute-puppy.jpg
				Content-Type: application/octet-stream

				src/test/java/testUtils/cute-puppy.jpg
Body:			<none>
HTTP/1.1 200 OK
Date: Sat, 13 Jan 2024 10:07:12 GMT
Content-Type: application/json
Transfer-Encoding: chunked
Connection: keep-alive
Access-Control-Allow-Origin: *
Access-Control-Allow-Methods: GET, POST, DELETE, PUT
Access-Control-Allow-Headers: Content-Type, api_key, Authorization
Server: Jetty(9.2.9.v20150224)

{
    "code": 200,
    "type": "unknown",
    "message": "additionalMetadata: null\nFile uploaded to ./cute-puppy.jpg, 121984 bytes"
}
]]></system-out>
  </testcase>
  <testcase name="validatePetHasPhotoUrl" classname="tests.PetTests" time="0.973">
    <system-out><![CDATA[Request method:	GET
Request URI:	https://petstore.swagger.io/v2/pet/991301
Proxy:			<none>
Request params:	<none>
Query params:	<none>
Form params:	<none>
Path params:	petId=991301
Headers:		Accept=application/json
				api_key=apiKey
				Content-Type=application/json
Cookies:		<none>
Multiparts:		<none>
Body:			<none>
HTTP/1.1 200 OK
Date: Sat, 13 Jan 2024 10:07:13 GMT
Content-Type: application/json
Transfer-Encoding: chunked
Connection: keep-alive
Access-Control-Allow-Origin: *
Access-Control-Allow-Methods: GET, POST, DELETE, PUT
Access-Control-Allow-Headers: Content-Type, api_key, Authorization
Server: Jetty(9.2.9.v20150224)

{
    "id": 991301,
    "category": {
        "id": 81495,
        "name": "dogs"
    },
    "name": "kiQtjDNbUh",
    "photoUrls": [
        "src/test/java/cute-puppy.jpg"
    ],
    "tags": [
        {
            "id": 634752,
            "name": "DtoNmqBYBT"
        },
        {
            "id": 929178,
            "name": "PzEtBpvWqP"
        }
    ],
    "status": "available"
}
]]></system-out>
  </testcase>
  <testcase name="validateResponseContainsAllData" classname="tests.PetTests" time="0.731">
    <system-out><![CDATA[Request method:	GET
Request URI:	https://petstore.swagger.io/v2/pet/991301
Proxy:			<none>
Request params:	<none>
Query params:	<none>
Form params:	<none>
Path params:	petId=991301
Headers:		Accept=application/json
				api_key=apiKey
				Content-Type=application/json
Cookies:		<none>
Multiparts:		<none>
Body:			<none>
HTTP/1.1 200 OK
Date: Sat, 13 Jan 2024 10:07:14 GMT
Content-Type: application/json
Transfer-Encoding: chunked
Connection: keep-alive
Access-Control-Allow-Origin: *
Access-Control-Allow-Methods: GET, POST, DELETE, PUT
Access-Control-Allow-Headers: Content-Type, api_key, Authorization
Server: Jetty(9.2.9.v20150224)

{
    "id": 991301,
    "category": {
        "id": 81495,
        "name": "dogs"
    },
    "name": "kiQtjDNbUh",
    "photoUrls": [
        "src/test/java/cute-puppy.jpg"
    ],
    "tags": [
        {
            "id": 634752,
            "name": "DtoNmqBYBT"
        },
        {
            "id": 929178,
            "name": "PzEtBpvWqP"
        }
    ],
    "status": "available"
}
]]></system-out>
  </testcase>
  <testcase name="updatePet" classname="tests.PetTests" time="0.665">
    <system-out><![CDATA[Request method:	PUT
Request URI:	https://petstore.swagger.io/v2/pet
Proxy:			<none>
Request params:	<none>
Query params:	<none>
Form params:	<none>
Path params:	<none>
Headers:		Accept=application/json
				api_key=apiKey
				Content-Type=application/json
Cookies:		<none>
Multiparts:		<none>
Body:
{
    "id": 991301,
    "category": {
        "id": 81495,
        "name": "dogs"
    },
    "name": "kiQtjDNbUh",
    "photoUrls": [
        "src/test/java/cute-puppy.jpg"
    ],
    "tags": [
        {
            "id": 634752,
            "name": "DtoNmqBYBT"
        },
        {
            "id": 929178,
            "name": "PzEtBpvWqP"
        }
    ],
    "status": "pending"
}
HTTP/1.1 200 OK
Date: Sat, 13 Jan 2024 10:07:15 GMT
Content-Type: application/json
Transfer-Encoding: chunked
Connection: keep-alive
Access-Control-Allow-Origin: *
Access-Control-Allow-Methods: GET, POST, DELETE, PUT
Access-Control-Allow-Headers: Content-Type, api_key, Authorization
Server: Jetty(9.2.9.v20150224)

{
    "id": 991301,
    "category": {
        "id": 81495,
        "name": "dogs"
    },
    "name": "kiQtjDNbUh",
    "photoUrls": [
        "src/test/java/cute-puppy.jpg"
    ],
    "tags": [
        {
            "id": 634752,
            "name": "DtoNmqBYBT"
        },
        {
            "id": 929178,
            "name": "PzEtBpvWqP"
        }
    ],
    "status": "pending"
}
]]></system-out>
  </testcase>
  <testcase name="updatePetFormData" classname="tests.PetTests" time="2.678">
    <system-out><![CDATA[Request method:	POST
Request URI:	https://petstore.swagger.io/v2/pet/991301
Proxy:			<none>
Request params:	<none>
Query params:	<none>
Form params:	name=EBapnusqPW
				status=sold
Path params:	petId=991301
Headers:		Accept=application/json
				api_key=apiKey
				Content-Type=application/x-www-form-urlencoded; charset=ISO-8859-1
Cookies:		<none>
Multiparts:		<none>
Body:			<none>
HTTP/1.1 200 OK
Date: Sat, 13 Jan 2024 10:07:15 GMT
Content-Type: application/json
Transfer-Encoding: chunked
Connection: keep-alive
Access-Control-Allow-Origin: *
Access-Control-Allow-Methods: GET, POST, DELETE, PUT
Access-Control-Allow-Headers: Content-Type, api_key, Authorization
Server: Jetty(9.2.9.v20150224)

{
    "code": 200,
    "type": "unknown",
    "message": "991301"
}
Request method:	GET
Request URI:	https://petstore.swagger.io/v2/pet/991301
Proxy:			<none>
Request params:	<none>
Query params:	<none>
Form params:	<none>
Path params:	petId=991301
Headers:		Accept=application/json
				api_key=apiKey
				Content-Type=application/json
Cookies:		<none>
Multiparts:		<none>
Body:			<none>
HTTP/1.1 200 OK
Date: Sat, 13 Jan 2024 10:07:16 GMT
Content-Type: application/json
Transfer-Encoding: chunked
Connection: keep-alive
Access-Control-Allow-Origin: *
Access-Control-Allow-Methods: GET, POST, DELETE, PUT
Access-Control-Allow-Headers: Content-Type, api_key, Authorization
Server: Jetty(9.2.9.v20150224)

{
    "id": 991301,
    "category": {
        "id": 81495,
        "name": "dogs"
    },
    "name": "EBapnusqPW",
    "photoUrls": [
        "src/test/java/cute-puppy.jpg"
    ],
    "tags": [
        {
            "id": 634752,
            "name": "DtoNmqBYBT"
        },
        {
            "id": 929178,
            "name": "PzEtBpvWqP"
        }
    ],
    "status": "sold"
}
Request method:	GET
Request URI:	https://petstore.swagger.io/v2/pet/991301
Proxy:			<none>
Request params:	<none>
Query params:	<none>
Form params:	<none>
Path params:	petId=991301
Headers:		Accept=application/json
				api_key=apiKey
				Content-Type=application/json
Cookies:		<none>
Multiparts:		<none>
Body:			<none>
HTTP/1.1 200 OK
Date: Sat, 13 Jan 2024 10:07:17 GMT
Content-Type: application/json
Transfer-Encoding: chunked
Connection: keep-alive
Access-Control-Allow-Origin: *
Access-Control-Allow-Methods: GET, POST, DELETE, PUT
Access-Control-Allow-Headers: Content-Type, api_key, Authorization
Server: Jetty(9.2.9.v20150224)

{
    "id": 991301,
    "category": {
        "id": 81495,
        "name": "dogs"
    },
    "name": "EBapnusqPW",
    "photoUrls": [
        "src/test/java/cute-puppy.jpg"
    ],
    "tags": [
        {
            "id": 634752,
            "name": "DtoNmqBYBT"
        },
        {
            "id": 929178,
            "name": "PzEtBpvWqP"
        }
    ],
    "status": "sold"
}
]]></system-out>
  </testcase>
  <testcase name="deletePet" classname="tests.PetTests" time="2.02">
    <system-out><![CDATA[Request method:	DELETE
Request URI:	https://petstore.swagger.io/v2/pet/991301
Proxy:			<none>
Request params:	<none>
Query params:	<none>
Form params:	<none>
Path params:	petId=991301
Headers:		Accept=application/json
				api_key=apiKey
				Content-Type=application/json
Cookies:		<none>
Multiparts:		<none>
Body:			<none>
HTTP/1.1 200 OK
Date: Sat, 13 Jan 2024 10:07:18 GMT
Content-Type: application/json
Transfer-Encoding: chunked
Connection: keep-alive
Access-Control-Allow-Origin: *
Access-Control-Allow-Methods: GET, POST, DELETE, PUT
Access-Control-Allow-Headers: Content-Type, api_key, Authorization
Server: Jetty(9.2.9.v20150224)

{
    "code": 200,
    "type": "unknown",
    "message": "991301"
}
Request method:	GET
Request URI:	https://petstore.swagger.io/v2/pet/991301
Proxy:			<none>
Request params:	<none>
Query params:	<none>
Form params:	<none>
Path params:	petId=991301
Headers:		Accept=application/json
				api_key=apiKey
				Content-Type=application/json
Cookies:		<none>
Multiparts:		<none>
Body:			<none>
HTTP/1.1 404 Not Found
Date: Sat, 13 Jan 2024 10:07:19 GMT
Content-Type: application/json
Transfer-Encoding: chunked
Connection: keep-alive
Access-Control-Allow-Origin: *
Access-Control-Allow-Methods: GET, POST, DELETE, PUT
Access-Control-Allow-Headers: Content-Type, api_key, Authorization
Server: Jetty(9.2.9.v20150224)

{
    "code": 1,
    "type": "error",
    "message": "Pet not found"
}
]]></system-out>
  </testcase>
  <testcase name="getStoreInventory" classname="tests.StoreTests" time="1.024">
    <system-out><![CDATA[Request method:	GET
Request URI:	https://petstore.swagger.io/v2/store/inventory
Proxy:			<none>
Request params:	<none>
Query params:	<none>
Form params:	<none>
Path params:	<none>
Headers:		api_key=apiKey
				Accept=application/json
				api_key=apiKey
				Content-Type=application/json
Cookies:		<none>
Multiparts:		<none>
Body:			<none>
Request method:	GET
Request URI:	https://petstore.swagger.io/v2/store/inventory
Proxy:			<none>
Request params:	<none>
Query params:	<none>
Form params:	<none>
Path params:	<none>
Headers:		api_key=apiKey
				Accept=application/json
				api_key=apiKey
				Content-Type=application/json
Cookies:		<none>
Multiparts:		<none>
Body:			<none>
HTTP/1.1 200 OK
Date: Sat, 13 Jan 2024 10:07:20 GMT
Content-Type: application/json
Transfer-Encoding: chunked
Connection: keep-alive
Access-Control-Allow-Origin: *
Access-Control-Allow-Methods: GET, POST, DELETE, PUT
Access-Control-Allow-Headers: Content-Type, api_key, Authorization
Server: Jetty(9.2.9.v20150224)

{
    "sold": 4,
    "string": 756,
    "pending": 1,
    "available": 230,
    "not available": 1
}
HTTP/1.1 200 OK
Date: Sat, 13 Jan 2024 10:07:20 GMT
Content-Type: application/json
Transfer-Encoding: chunked
Connection: keep-alive
Access-Control-Allow-Origin: *
Access-Control-Allow-Methods: GET, POST, DELETE, PUT
Access-Control-Allow-Headers: Content-Type, api_key, Authorization
Server: Jetty(9.2.9.v20150224)

{
    "sold": 4,
    "string": 756,
    "pending": 1,
    "available": 230,
    "not available": 1
}
]]></system-out>
  </testcase>
  <testcase name="placeOrder" classname="tests.StoreTests" time="1.033">
    <system-out><![CDATA[Request method:	POST
Request URI:	https://petstore.swagger.io/v2/store/order
Proxy:			<none>
Request params:	<none>
Query params:	<none>
Form params:	<none>
Path params:	<none>
Headers:		api_key=apiKey
				Accept=application/json
				api_key=apiKey
				Content-Type=application/json
Cookies:		<none>
Multiparts:		<none>
Body:
{
    "id": 9,
    "petId": 42520,
    "quantity": 1,
    "shipDate": "2024-01-07T15:50:46.121Z",
    "status": "placed",
    "complete": true
}
Request method:	POST
Request URI:	https://petstore.swagger.io/v2/store/order
Proxy:			<none>
Request params:	<none>
Query params:	<none>
Form params:	<none>
Path params:	<none>
Headers:		api_key=apiKey
				Accept=application/json
				api_key=apiKey
				Content-Type=application/json
Cookies:		<none>
Multiparts:		<none>
Body:
{
    "id": 9,
    "petId": 42520,
    "quantity": 1,
    "shipDate": "2024-01-07T15:50:46.121Z",
    "status": "placed",
    "complete": true
}
HTTP/1.1 200 OK
Date: Sat, 13 Jan 2024 10:07:21 GMT
Content-Type: application/json
Transfer-Encoding: chunked
Connection: keep-alive
Access-Control-Allow-Origin: *
Access-Control-Allow-Methods: GET, POST, DELETE, PUT
Access-Control-Allow-Headers: Content-Type, api_key, Authorization
Server: Jetty(9.2.9.v20150224)

{
    "id": 9,
    "petId": 42520,
    "quantity": 1,
    "shipDate": "2024-01-07T15:50:46.121+0000",
    "status": "placed",
    "complete": true
}
HTTP/1.1 200 OK
Date: Sat, 13 Jan 2024 10:07:21 GMT
Content-Type: application/json
Transfer-Encoding: chunked
Connection: keep-alive
Access-Control-Allow-Origin: *
Access-Control-Allow-Methods: GET, POST, DELETE, PUT
Access-Control-Allow-Headers: Content-Type, api_key, Authorization
Server: Jetty(9.2.9.v20150224)

{
    "id": 9,
    "petId": 42520,
    "quantity": 1,
    "shipDate": "2024-01-07T15:50:46.121+0000",
    "status": "placed",
    "complete": true
}
]]></system-out>
  </testcase>
  <testcase name="findPurchaseOrderById" classname="tests.StoreTests" time="1.024">
    <system-out><![CDATA[Request method:	GET
Request URI:	https://petstore.swagger.io/v2/store/order/9
Proxy:			<none>
Request params:	<none>
Query params:	<none>
Form params:	<none>
Path params:	orderId=9
Headers:		api_key=apiKey
				Accept=application/json
				api_key=apiKey
				Content-Type=application/json
Cookies:		<none>
Multiparts:		<none>
Body:			<none>
Request method:	GET
Request URI:	https://petstore.swagger.io/v2/store/order/9
Proxy:			<none>
Request params:	<none>
Query params:	<none>
Form params:	<none>
Path params:	orderId=9
Headers:		api_key=apiKey
				Accept=application/json
				api_key=apiKey
				Content-Type=application/json
Cookies:		<none>
Multiparts:		<none>
Body:			<none>
HTTP/1.1 200 OK
Date: Sat, 13 Jan 2024 10:07:22 GMT
Content-Type: application/json
Transfer-Encoding: chunked
Connection: keep-alive
Access-Control-Allow-Origin: *
Access-Control-Allow-Methods: GET, POST, DELETE, PUT
Access-Control-Allow-Headers: Content-Type, api_key, Authorization
Server: Jetty(9.2.9.v20150224)

{
    "id": 9,
    "petId": 42520,
    "quantity": 1,
    "shipDate": "2024-01-07T15:50:46.121+0000",
    "status": "placed",
    "complete": true
}
HTTP/1.1 200 OK
Date: Sat, 13 Jan 2024 10:07:22 GMT
Content-Type: application/json
Transfer-Encoding: chunked
Connection: keep-alive
Access-Control-Allow-Origin: *
Access-Control-Allow-Methods: GET, POST, DELETE, PUT
Access-Control-Allow-Headers: Content-Type, api_key, Authorization
Server: Jetty(9.2.9.v20150224)

{
    "id": 9,
    "petId": 42520,
    "quantity": 1,
    "shipDate": "2024-01-07T15:50:46.121+0000",
    "status": "placed",
    "complete": true
}
]]></system-out>
  </testcase>
  <testcase name="deletePurchaseOrderById" classname="tests.StoreTests" time="0.914">
    <system-out><![CDATA[Request method:	DELETE
Request URI:	https://petstore.swagger.io/v2/store/order/9
Proxy:			<none>
Request params:	<none>
Query params:	<none>
Form params:	<none>
Path params:	orderId=9
Headers:		api_key=apiKey
				Accept=application/json
				api_key=apiKey
				Content-Type=application/json
Cookies:		<none>
Multiparts:		<none>
Body:			<none>
Request method:	DELETE
Request URI:	https://petstore.swagger.io/v2/store/order/9
Proxy:			<none>
Request params:	<none>
Query params:	<none>
Form params:	<none>
Path params:	orderId=9
Headers:		api_key=apiKey
				Accept=application/json
				api_key=apiKey
				Content-Type=application/json
Cookies:		<none>
Multiparts:		<none>
Body:			<none>
HTTP/1.1 200 OK
Date: Sat, 13 Jan 2024 10:07:23 GMT
Content-Type: application/json
Transfer-Encoding: chunked
Connection: keep-alive
Access-Control-Allow-Origin: *
Access-Control-Allow-Methods: GET, POST, DELETE, PUT
Access-Control-Allow-Headers: Content-Type, api_key, Authorization
Server: Jetty(9.2.9.v20150224)

{
    "code": 200,
    "type": "unknown",
    "message": "9"
}
HTTP/1.1 200 OK
Date: Sat, 13 Jan 2024 10:07:23 GMT
Content-Type: application/json
Transfer-Encoding: chunked
Connection: keep-alive
Access-Control-Allow-Origin: *
Access-Control-Allow-Methods: GET, POST, DELETE, PUT
Access-Control-Allow-Headers: Content-Type, api_key, Authorization
Server: Jetty(9.2.9.v20150224)

{
    "code": 200,
    "type": "unknown",
    "message": "9"
}
]]></system-out>
  </testcase>
  <testcase name="login" classname="tests.UserTests" time="1.022">
    <system-out><![CDATA[Request method:	GET
Request URI:	https://petstore.swagger.io/v2/user/login?username=test&password=abc123
Proxy:			<none>
Request params:	<none>
Query params:	username=test
				password=abc123
Form params:	<none>
Path params:	<none>
Headers:		api_key=apiKey
				api_key=apiKey
				Accept=application/json
				api_key=apiKey
				Content-Type=application/json
Cookies:		<none>
Multiparts:		<none>
Body:			<none>
Request method:	GET
Request URI:	https://petstore.swagger.io/v2/user/login?username=test&password=abc123
Proxy:			<none>
Request params:	<none>
Query params:	username=test
				password=abc123
Form params:	<none>
Path params:	<none>
Headers:		api_key=apiKey
				api_key=apiKey
				Accept=application/json
				api_key=apiKey
				Content-Type=application/json
Cookies:		<none>
Multiparts:		<none>
Body:			<none>
Request method:	GET
Request URI:	https://petstore.swagger.io/v2/user/login?username=test&password=abc123
Proxy:			<none>
Request params:	<none>
Query params:	username=test
				password=abc123
Form params:	<none>
Path params:	<none>
Headers:		api_key=apiKey
				api_key=apiKey
				Accept=application/json
				api_key=apiKey
				Content-Type=application/json
Cookies:		<none>
Multiparts:		<none>
Body:			<none>
HTTP/1.1 200 OK
Date: Sat, 13 Jan 2024 10:07:24 GMT
Content-Type: application/json
Transfer-Encoding: chunked
Connection: keep-alive
Access-Control-Allow-Origin: *
Access-Control-Allow-Methods: GET, POST, DELETE, PUT
Access-Control-Allow-Headers: Content-Type, api_key, Authorization
X-Expires-After: Sat Jan 13 11:07:24 UTC 2024
X-Rate-Limit: 5000
Server: Jetty(9.2.9.v20150224)

{
    "code": 200,
    "type": "unknown",
    "message": "logged in user session:1705140444784"
}
HTTP/1.1 200 OK
Date: Sat, 13 Jan 2024 10:07:24 GMT
Content-Type: application/json
Transfer-Encoding: chunked
Connection: keep-alive
Access-Control-Allow-Origin: *
Access-Control-Allow-Methods: GET, POST, DELETE, PUT
Access-Control-Allow-Headers: Content-Type, api_key, Authorization
X-Expires-After: Sat Jan 13 11:07:24 UTC 2024
X-Rate-Limit: 5000
Server: Jetty(9.2.9.v20150224)

{
    "code": 200,
    "type": "unknown",
    "message": "logged in user session:1705140444784"
}
HTTP/1.1 200 OK
Date: Sat, 13 Jan 2024 10:07:24 GMT
Content-Type: application/json
Transfer-Encoding: chunked
Connection: keep-alive
Access-Control-Allow-Origin: *
Access-Control-Allow-Methods: GET, POST, DELETE, PUT
Access-Control-Allow-Headers: Content-Type, api_key, Authorization
X-Expires-After: Sat Jan 13 11:07:24 UTC 2024
X-Rate-Limit: 5000
Server: Jetty(9.2.9.v20150224)

{
    "code": 200,
    "type": "unknown",
    "message": "logged in user session:1705140444784"
}
]]></system-out>
  </testcase>
  <testcase name="createUser" classname="tests.UserTests" time="1.024">
    <system-out><![CDATA[Request method:	POST
Request URI:	https://petstore.swagger.io/v2/user
Proxy:			<none>
Request params:	<none>
Query params:	<none>
Form params:	<none>
Path params:	<none>
Headers:		api_key=apiKey
				api_key=apiKey
				Accept=application/json
				api_key=apiKey
				Content-Type=application/json
Cookies:		<none>
Multiparts:		<none>
Body:
{
    "id": 571321,
    "username": "kXVYteLhWy",
    "firstName": "VztGPQlcni",
    "lastName": "bEZZydmLRv",
    "email": "ghlftdn@gmail.com",
    "password": "JdMTKbpMMZ",
    "phone": "8613666975",
    "userStatus": 13
}
Request method:	POST
Request URI:	https://petstore.swagger.io/v2/user
Proxy:			<none>
Request params:	<none>
Query params:	<none>
Form params:	<none>
Path params:	<none>
Headers:		api_key=apiKey
				api_key=apiKey
				Accept=application/json
				api_key=apiKey
				Content-Type=application/json
Cookies:		<none>
Multiparts:		<none>
Body:
{
    "id": 571321,
    "username": "kXVYteLhWy",
    "firstName": "VztGPQlcni",
    "lastName": "bEZZydmLRv",
    "email": "ghlftdn@gmail.com",
    "password": "JdMTKbpMMZ",
    "phone": "8613666975",
    "userStatus": 13
}
Request method:	POST
Request URI:	https://petstore.swagger.io/v2/user
Proxy:			<none>
Request params:	<none>
Query params:	<none>
Form params:	<none>
Path params:	<none>
Headers:		api_key=apiKey
				api_key=apiKey
				Accept=application/json
				api_key=apiKey
				Content-Type=application/json
Cookies:		<none>
Multiparts:		<none>
Body:
{
    "id": 571321,
    "username": "kXVYteLhWy",
    "firstName": "VztGPQlcni",
    "lastName": "bEZZydmLRv",
    "email": "ghlftdn@gmail.com",
    "password": "JdMTKbpMMZ",
    "phone": "8613666975",
    "userStatus": 13
}
HTTP/1.1 200 OK
Date: Sat, 13 Jan 2024 10:07:25 GMT
Content-Type: application/json
Transfer-Encoding: chunked
Connection: keep-alive
Access-Control-Allow-Origin: *
Access-Control-Allow-Methods: GET, POST, DELETE, PUT
Access-Control-Allow-Headers: Content-Type, api_key, Authorization
Server: Jetty(9.2.9.v20150224)

{
    "code": 200,
    "type": "unknown",
    "message": "571321"
}
HTTP/1.1 200 OK
Date: Sat, 13 Jan 2024 10:07:25 GMT
Content-Type: application/json
Transfer-Encoding: chunked
Connection: keep-alive
Access-Control-Allow-Origin: *
Access-Control-Allow-Methods: GET, POST, DELETE, PUT
Access-Control-Allow-Headers: Content-Type, api_key, Authorization
Server: Jetty(9.2.9.v20150224)

{
    "code": 200,
    "type": "unknown",
    "message": "571321"
}
HTTP/1.1 200 OK
Date: Sat, 13 Jan 2024 10:07:25 GMT
Content-Type: application/json
Transfer-Encoding: chunked
Connection: keep-alive
Access-Control-Allow-Origin: *
Access-Control-Allow-Methods: GET, POST, DELETE, PUT
Access-Control-Allow-Headers: Content-Type, api_key, Authorization
Server: Jetty(9.2.9.v20150224)

{
    "code": 200,
    "type": "unknown",
    "message": "571321"
}
]]></system-out>
  </testcase>
  <testcase name="createUsersWithArray" classname="tests.UserTests" time="4.006">
    <system-out><![CDATA[Request method:	POST
Request URI:	https://petstore.swagger.io/v2/user/createWithArray
Proxy:			<none>
Request params:	<none>
Query params:	<none>
Form params:	<none>
Path params:	<none>
Headers:		api_key=apiKey
				api_key=apiKey
				Accept=application/json
				api_key=apiKey
				Content-Type=application/json
Cookies:		<none>
Multiparts:		<none>
Body:
[
    {
        "id": 508833,
        "username": "VkrfrAgGpQ",
        "firstName": "IyyMDZKHVG",
        "lastName": "sgjNaiuiYr",
        "email": "gmbzzhc@gmail.com",
        "password": "ENXhKFYnim",
        "phone": "2644876998",
        "userStatus": 63
    },
    {
        "id": 752998,
        "username": "izQIorGajN",
        "firstName": "gXbpuHhMaW",
        "lastName": "OKoBXndbbT",
        "email": "eeruvvr@gmail.com",
        "password": "AzmhGiGHXb",
        "phone": "8286786358",
        "userStatus": 19
    },
    {
        "id": 242100,
        "username": "SeGyKJZFrW",
        "firstName": "dyimWAuuth",
        "lastName": "cEGGRpoyGe",
        "email": "joijteh@gmail.com",
        "password": "thnNjsUIIK",
        "phone": "3775973111",
        "userStatus": 87
    }
]
Request method:	POST
Request URI:	https://petstore.swagger.io/v2/user/createWithArray
Proxy:			<none>
Request params:	<none>
Query params:	<none>
Form params:	<none>
Path params:	<none>
Headers:		api_key=apiKey
				api_key=apiKey
				Accept=application/json
				api_key=apiKey
				Content-Type=application/json
Cookies:		<none>
Multiparts:		<none>
Body:
[
    {
        "id": 508833,
        "username": "VkrfrAgGpQ",
        "firstName": "IyyMDZKHVG",
        "lastName": "sgjNaiuiYr",
        "email": "gmbzzhc@gmail.com",
        "password": "ENXhKFYnim",
        "phone": "2644876998",
        "userStatus": 63
    },
    {
        "id": 752998,
        "username": "izQIorGajN",
        "firstName": "gXbpuHhMaW",
        "lastName": "OKoBXndbbT",
        "email": "eeruvvr@gmail.com",
        "password": "AzmhGiGHXb",
        "phone": "8286786358",
        "userStatus": 19
    },
    {
        "id": 242100,
        "username": "SeGyKJZFrW",
        "firstName": "dyimWAuuth",
        "lastName": "cEGGRpoyGe",
        "email": "joijteh@gmail.com",
        "password": "thnNjsUIIK",
        "phone": "3775973111",
        "userStatus": 87
    }
]
Request method:	POST
Request URI:	https://petstore.swagger.io/v2/user/createWithArray
Proxy:			<none>
Request params:	<none>
Query params:	<none>
Form params:	<none>
Path params:	<none>
Headers:		api_key=apiKey
				api_key=apiKey
				Accept=application/json
				api_key=apiKey
				Content-Type=application/json
Cookies:		<none>
Multiparts:		<none>
Body:
[
    {
        "id": 508833,
        "username": "VkrfrAgGpQ",
        "firstName": "IyyMDZKHVG",
        "lastName": "sgjNaiuiYr",
        "email": "gmbzzhc@gmail.com",
        "password": "ENXhKFYnim",
        "phone": "2644876998",
        "userStatus": 63
    },
    {
        "id": 752998,
        "username": "izQIorGajN",
        "firstName": "gXbpuHhMaW",
        "lastName": "OKoBXndbbT",
        "email": "eeruvvr@gmail.com",
        "password": "AzmhGiGHXb",
        "phone": "8286786358",
        "userStatus": 19
    },
    {
        "id": 242100,
        "username": "SeGyKJZFrW",
        "firstName": "dyimWAuuth",
        "lastName": "cEGGRpoyGe",
        "email": "joijteh@gmail.com",
        "password": "thnNjsUIIK",
        "phone": "3775973111",
        "userStatus": 87
    }
]
HTTP/1.1 200 OK
Date: Sat, 13 Jan 2024 10:07:26 GMT
Content-Type: application/json
Transfer-Encoding: chunked
Connection: keep-alive
Access-Control-Allow-Origin: *
Access-Control-Allow-Methods: GET, POST, DELETE, PUT
Access-Control-Allow-Headers: Content-Type, api_key, Authorization
Server: Jetty(9.2.9.v20150224)

{
    "code": 200,
    "type": "unknown",
    "message": "ok"
}
HTTP/1.1 200 OK
Date: Sat, 13 Jan 2024 10:07:26 GMT
Content-Type: application/json
Transfer-Encoding: chunked
Connection: keep-alive
Access-Control-Allow-Origin: *
Access-Control-Allow-Methods: GET, POST, DELETE, PUT
Access-Control-Allow-Headers: Content-Type, api_key, Authorization
Server: Jetty(9.2.9.v20150224)

{
    "code": 200,
    "type": "unknown",
    "message": "ok"
}
HTTP/1.1 200 OK
Date: Sat, 13 Jan 2024 10:07:26 GMT
Content-Type: application/json
Transfer-Encoding: chunked
Connection: keep-alive
Access-Control-Allow-Origin: *
Access-Control-Allow-Methods: GET, POST, DELETE, PUT
Access-Control-Allow-Headers: Content-Type, api_key, Authorization
Server: Jetty(9.2.9.v20150224)

{
    "code": 200,
    "type": "unknown",
    "message": "ok"
}
Request method:	GET
Request URI:	https://petstore.swagger.io/v2/user/VkrfrAgGpQ
Proxy:			<none>
Request params:	<none>
Query params:	<none>
Form params:	<none>
Path params:	username=VkrfrAgGpQ
Headers:		api_key=apiKey
				api_key=apiKey
				Accept=application/json
				api_key=apiKey
				Content-Type=application/json
Cookies:		<none>
Multiparts:		<none>
Body:			<none>
Request method:	GET
Request URI:	https://petstore.swagger.io/v2/user/VkrfrAgGpQ
Proxy:			<none>
Request params:	<none>
Query params:	<none>
Form params:	<none>
Path params:	username=VkrfrAgGpQ
Headers:		api_key=apiKey
				api_key=apiKey
				Accept=application/json
				api_key=apiKey
				Content-Type=application/json
Cookies:		<none>
Multiparts:		<none>
Body:			<none>
Request method:	GET
Request URI:	https://petstore.swagger.io/v2/user/VkrfrAgGpQ
Proxy:			<none>
Request params:	<none>
Query params:	<none>
Form params:	<none>
Path params:	username=VkrfrAgGpQ
Headers:		api_key=apiKey
				api_key=apiKey
				Accept=application/json
				api_key=apiKey
				Content-Type=application/json
Cookies:		<none>
Multiparts:		<none>
Body:			<none>
HTTP/1.1 200 OK
Date: Sat, 13 Jan 2024 10:07:27 GMT
Content-Type: application/json
Transfer-Encoding: chunked
Connection: keep-alive
Access-Control-Allow-Origin: *
Access-Control-Allow-Methods: GET, POST, DELETE, PUT
Access-Control-Allow-Headers: Content-Type, api_key, Authorization
Server: Jetty(9.2.9.v20150224)

{
    "id": 508833,
    "username": "VkrfrAgGpQ",
    "firstName": "IyyMDZKHVG",
    "lastName": "sgjNaiuiYr",
    "email": "gmbzzhc@gmail.com",
    "password": "ENXhKFYnim",
    "phone": "2644876998",
    "userStatus": 63
}
HTTP/1.1 200 OK
Date: Sat, 13 Jan 2024 10:07:27 GMT
Content-Type: application/json
Transfer-Encoding: chunked
Connection: keep-alive
Access-Control-Allow-Origin: *
Access-Control-Allow-Methods: GET, POST, DELETE, PUT
Access-Control-Allow-Headers: Content-Type, api_key, Authorization
Server: Jetty(9.2.9.v20150224)

{
    "id": 508833,
    "username": "VkrfrAgGpQ",
    "firstName": "IyyMDZKHVG",
    "lastName": "sgjNaiuiYr",
    "email": "gmbzzhc@gmail.com",
    "password": "ENXhKFYnim",
    "phone": "2644876998",
    "userStatus": 63
}
HTTP/1.1 200 OK
Date: Sat, 13 Jan 2024 10:07:27 GMT
Content-Type: application/json
Transfer-Encoding: chunked
Connection: keep-alive
Access-Control-Allow-Origin: *
Access-Control-Allow-Methods: GET, POST, DELETE, PUT
Access-Control-Allow-Headers: Content-Type, api_key, Authorization
Server: Jetty(9.2.9.v20150224)

{
    "id": 508833,
    "username": "VkrfrAgGpQ",
    "firstName": "IyyMDZKHVG",
    "lastName": "sgjNaiuiYr",
    "email": "gmbzzhc@gmail.com",
    "password": "ENXhKFYnim",
    "phone": "2644876998",
    "userStatus": 63
}
Request method:	GET
Request URI:	https://petstore.swagger.io/v2/user/izQIorGajN
Proxy:			<none>
Request params:	<none>
Query params:	<none>
Form params:	<none>
Path params:	username=izQIorGajN
Headers:		api_key=apiKey
				api_key=apiKey
				Accept=application/json
				api_key=apiKey
				Content-Type=application/json
Cookies:		<none>
Multiparts:		<none>
Body:			<none>
Request method:	GET
Request URI:	https://petstore.swagger.io/v2/user/izQIorGajN
Proxy:			<none>
Request params:	<none>
Query params:	<none>
Form params:	<none>
Path params:	username=izQIorGajN
Headers:		api_key=apiKey
				api_key=apiKey
				Accept=application/json
				api_key=apiKey
				Content-Type=application/json
Cookies:		<none>
Multiparts:		<none>
Body:			<none>
Request method:	GET
Request URI:	https://petstore.swagger.io/v2/user/izQIorGajN
Proxy:			<none>
Request params:	<none>
Query params:	<none>
Form params:	<none>
Path params:	username=izQIorGajN
Headers:		api_key=apiKey
				api_key=apiKey
				Accept=application/json
				api_key=apiKey
				Content-Type=application/json
Cookies:		<none>
Multiparts:		<none>
Body:			<none>
HTTP/1.1 200 OK
Date: Sat, 13 Jan 2024 10:07:28 GMT
Content-Type: application/json
Transfer-Encoding: chunked
Connection: keep-alive
Access-Control-Allow-Origin: *
Access-Control-Allow-Methods: GET, POST, DELETE, PUT
Access-Control-Allow-Headers: Content-Type, api_key, Authorization
Server: Jetty(9.2.9.v20150224)

{
    "id": 752998,
    "username": "izQIorGajN",
    "firstName": "gXbpuHhMaW",
    "lastName": "OKoBXndbbT",
    "email": "eeruvvr@gmail.com",
    "password": "AzmhGiGHXb",
    "phone": "8286786358",
    "userStatus": 19
}
HTTP/1.1 200 OK
Date: Sat, 13 Jan 2024 10:07:28 GMT
Content-Type: application/json
Transfer-Encoding: chunked
Connection: keep-alive
Access-Control-Allow-Origin: *
Access-Control-Allow-Methods: GET, POST, DELETE, PUT
Access-Control-Allow-Headers: Content-Type, api_key, Authorization
Server: Jetty(9.2.9.v20150224)

{
    "id": 752998,
    "username": "izQIorGajN",
    "firstName": "gXbpuHhMaW",
    "lastName": "OKoBXndbbT",
    "email": "eeruvvr@gmail.com",
    "password": "AzmhGiGHXb",
    "phone": "8286786358",
    "userStatus": 19
}
HTTP/1.1 200 OK
Date: Sat, 13 Jan 2024 10:07:28 GMT
Content-Type: application/json
Transfer-Encoding: chunked
Connection: keep-alive
Access-Control-Allow-Origin: *
Access-Control-Allow-Methods: GET, POST, DELETE, PUT
Access-Control-Allow-Headers: Content-Type, api_key, Authorization
Server: Jetty(9.2.9.v20150224)

{
    "id": 752998,
    "username": "izQIorGajN",
    "firstName": "gXbpuHhMaW",
    "lastName": "OKoBXndbbT",
    "email": "eeruvvr@gmail.com",
    "password": "AzmhGiGHXb",
    "phone": "8286786358",
    "userStatus": 19
}
Request method:	GET
Request URI:	https://petstore.swagger.io/v2/user/SeGyKJZFrW
Proxy:			<none>
Request params:	<none>
Query params:	<none>
Form params:	<none>
Path params:	username=SeGyKJZFrW
Headers:		api_key=apiKey
				api_key=apiKey
				Accept=application/json
				api_key=apiKey
				Content-Type=application/json
Cookies:		<none>
Multiparts:		<none>
Body:			<none>
Request method:	GET
Request URI:	https://petstore.swagger.io/v2/user/SeGyKJZFrW
Proxy:			<none>
Request params:	<none>
Query params:	<none>
Form params:	<none>
Path params:	username=SeGyKJZFrW
Headers:		api_key=apiKey
				api_key=apiKey
				Accept=application/json
				api_key=apiKey
				Content-Type=application/json
Cookies:		<none>
Multiparts:		<none>
Body:			<none>
Request method:	GET
Request URI:	https://petstore.swagger.io/v2/user/SeGyKJZFrW
Proxy:			<none>
Request params:	<none>
Query params:	<none>
Form params:	<none>
Path params:	username=SeGyKJZFrW
Headers:		api_key=apiKey
				api_key=apiKey
				Accept=application/json
				api_key=apiKey
				Content-Type=application/json
Cookies:		<none>
Multiparts:		<none>
Body:			<none>
HTTP/1.1 200 OK
Date: Sat, 13 Jan 2024 10:07:29 GMT
Content-Type: application/json
Transfer-Encoding: chunked
Connection: keep-alive
Access-Control-Allow-Origin: *
Access-Control-Allow-Methods: GET, POST, DELETE, PUT
Access-Control-Allow-Headers: Content-Type, api_key, Authorization
Server: Jetty(9.2.9.v20150224)

{
    "id": 242100,
    "username": "SeGyKJZFrW",
    "firstName": "dyimWAuuth",
    "lastName": "cEGGRpoyGe",
    "email": "joijteh@gmail.com",
    "password": "thnNjsUIIK",
    "phone": "3775973111",
    "userStatus": 87
}
HTTP/1.1 200 OK
Date: Sat, 13 Jan 2024 10:07:29 GMT
Content-Type: application/json
Transfer-Encoding: chunked
Connection: keep-alive
Access-Control-Allow-Origin: *
Access-Control-Allow-Methods: GET, POST, DELETE, PUT
Access-Control-Allow-Headers: Content-Type, api_key, Authorization
Server: Jetty(9.2.9.v20150224)

{
    "id": 242100,
    "username": "SeGyKJZFrW",
    "firstName": "dyimWAuuth",
    "lastName": "cEGGRpoyGe",
    "email": "joijteh@gmail.com",
    "password": "thnNjsUIIK",
    "phone": "3775973111",
    "userStatus": 87
}
HTTP/1.1 200 OK
Date: Sat, 13 Jan 2024 10:07:29 GMT
Content-Type: application/json
Transfer-Encoding: chunked
Connection: keep-alive
Access-Control-Allow-Origin: *
Access-Control-Allow-Methods: GET, POST, DELETE, PUT
Access-Control-Allow-Headers: Content-Type, api_key, Authorization
Server: Jetty(9.2.9.v20150224)

{
    "id": 242100,
    "username": "SeGyKJZFrW",
    "firstName": "dyimWAuuth",
    "lastName": "cEGGRpoyGe",
    "email": "joijteh@gmail.com",
    "password": "thnNjsUIIK",
    "phone": "3775973111",
    "userStatus": 87
}
]]></system-out>
  </testcase>
  <testcase name="createUsersWithList" classname="tests.UserTests" time="3.99">
    <system-out><![CDATA[Request method:	POST
Request URI:	https://petstore.swagger.io/v2/user/createWithList
Proxy:			<none>
Request params:	<none>
Query params:	<none>
Form params:	<none>
Path params:	<none>
Headers:		api_key=apiKey
				api_key=apiKey
				Accept=application/json
				api_key=apiKey
				Content-Type=application/json
Cookies:		<none>
Multiparts:		<none>
Body:
[
    {
        "id": 186626,
        "username": "uNVRAYQkaC",
        "firstName": "OIeHytJdRj",
        "lastName": "DRpVQzgVFx",
        "email": "mtgpfxb@gmail.com",
        "password": "OtmNqOqPIj",
        "phone": "6262196347",
        "userStatus": 20
    },
    {
        "id": 615573,
        "username": "lkBqLsmLdc",
        "firstName": "fXPHsKoXAt",
        "lastName": "tLJaTyoNIf",
        "email": "oyereqa@gmail.com",
        "password": "axrJHMYsej",
        "phone": "2116719729",
        "userStatus": 10
    },
    {
        "id": 253071,
        "username": "ZPvPEctImd",
        "firstName": "HYPdihpNTJ",
        "lastName": "FMPnLdfZPG",
        "email": "izjlvqr@gmail.com",
        "password": "xpbUUaHHot",
        "phone": "7423496888",
        "userStatus": 58
    }
]
Request method:	POST
Request URI:	https://petstore.swagger.io/v2/user/createWithList
Proxy:			<none>
Request params:	<none>
Query params:	<none>
Form params:	<none>
Path params:	<none>
Headers:		api_key=apiKey
				api_key=apiKey
				Accept=application/json
				api_key=apiKey
				Content-Type=application/json
Cookies:		<none>
Multiparts:		<none>
Body:
[
    {
        "id": 186626,
        "username": "uNVRAYQkaC",
        "firstName": "OIeHytJdRj",
        "lastName": "DRpVQzgVFx",
        "email": "mtgpfxb@gmail.com",
        "password": "OtmNqOqPIj",
        "phone": "6262196347",
        "userStatus": 20
    },
    {
        "id": 615573,
        "username": "lkBqLsmLdc",
        "firstName": "fXPHsKoXAt",
        "lastName": "tLJaTyoNIf",
        "email": "oyereqa@gmail.com",
        "password": "axrJHMYsej",
        "phone": "2116719729",
        "userStatus": 10
    },
    {
        "id": 253071,
        "username": "ZPvPEctImd",
        "firstName": "HYPdihpNTJ",
        "lastName": "FMPnLdfZPG",
        "email": "izjlvqr@gmail.com",
        "password": "xpbUUaHHot",
        "phone": "7423496888",
        "userStatus": 58
    }
]
Request method:	POST
Request URI:	https://petstore.swagger.io/v2/user/createWithList
Proxy:			<none>
Request params:	<none>
Query params:	<none>
Form params:	<none>
Path params:	<none>
Headers:		api_key=apiKey
				api_key=apiKey
				Accept=application/json
				api_key=apiKey
				Content-Type=application/json
Cookies:		<none>
Multiparts:		<none>
Body:
[
    {
        "id": 186626,
        "username": "uNVRAYQkaC",
        "firstName": "OIeHytJdRj",
        "lastName": "DRpVQzgVFx",
        "email": "mtgpfxb@gmail.com",
        "password": "OtmNqOqPIj",
        "phone": "6262196347",
        "userStatus": 20
    },
    {
        "id": 615573,
        "username": "lkBqLsmLdc",
        "firstName": "fXPHsKoXAt",
        "lastName": "tLJaTyoNIf",
        "email": "oyereqa@gmail.com",
        "password": "axrJHMYsej",
        "phone": "2116719729",
        "userStatus": 10
    },
    {
        "id": 253071,
        "username": "ZPvPEctImd",
        "firstName": "HYPdihpNTJ",
        "lastName": "FMPnLdfZPG",
        "email": "izjlvqr@gmail.com",
        "password": "xpbUUaHHot",
        "phone": "7423496888",
        "userStatus": 58
    }
]
HTTP/1.1 200 OK
Date: Sat, 13 Jan 2024 10:07:30 GMT
Content-Type: application/json
Transfer-Encoding: chunked
Connection: keep-alive
Access-Control-Allow-Origin: *
Access-Control-Allow-Methods: GET, POST, DELETE, PUT
Access-Control-Allow-Headers: Content-Type, api_key, Authorization
Server: Jetty(9.2.9.v20150224)

{
    "code": 200,
    "type": "unknown",
    "message": "ok"
}
HTTP/1.1 200 OK
Date: Sat, 13 Jan 2024 10:07:30 GMT
Content-Type: application/json
Transfer-Encoding: chunked
Connection: keep-alive
Access-Control-Allow-Origin: *
Access-Control-Allow-Methods: GET, POST, DELETE, PUT
Access-Control-Allow-Headers: Content-Type, api_key, Authorization
Server: Jetty(9.2.9.v20150224)

{
    "code": 200,
    "type": "unknown",
    "message": "ok"
}
HTTP/1.1 200 OK
Date: Sat, 13 Jan 2024 10:07:30 GMT
Content-Type: application/json
Transfer-Encoding: chunked
Connection: keep-alive
Access-Control-Allow-Origin: *
Access-Control-Allow-Methods: GET, POST, DELETE, PUT
Access-Control-Allow-Headers: Content-Type, api_key, Authorization
Server: Jetty(9.2.9.v20150224)

{
    "code": 200,
    "type": "unknown",
    "message": "ok"
}
Request method:	GET
Request URI:	https://petstore.swagger.io/v2/user/uNVRAYQkaC
Proxy:			<none>
Request params:	<none>
Query params:	<none>
Form params:	<none>
Path params:	username=uNVRAYQkaC
Headers:		api_key=apiKey
				api_key=apiKey
				Accept=application/json
				api_key=apiKey
				Content-Type=application/json
Cookies:		<none>
Multiparts:		<none>
Body:			<none>
Request method:	GET
Request URI:	https://petstore.swagger.io/v2/user/uNVRAYQkaC
Proxy:			<none>
Request params:	<none>
Query params:	<none>
Form params:	<none>
Path params:	username=uNVRAYQkaC
Headers:		api_key=apiKey
				api_key=apiKey
				Accept=application/json
				api_key=apiKey
				Content-Type=application/json
Cookies:		<none>
Multiparts:		<none>
Body:			<none>
Request method:	GET
Request URI:	https://petstore.swagger.io/v2/user/uNVRAYQkaC
Proxy:			<none>
Request params:	<none>
Query params:	<none>
Form params:	<none>
Path params:	username=uNVRAYQkaC
Headers:		api_key=apiKey
				api_key=apiKey
				Accept=application/json
				api_key=apiKey
				Content-Type=application/json
Cookies:		<none>
Multiparts:		<none>
Body:			<none>
HTTP/1.1 200 OK
Date: Sat, 13 Jan 2024 10:07:31 GMT
Content-Type: application/json
Transfer-Encoding: chunked
Connection: keep-alive
Access-Control-Allow-Origin: *
Access-Control-Allow-Methods: GET, POST, DELETE, PUT
Access-Control-Allow-Headers: Content-Type, api_key, Authorization
Server: Jetty(9.2.9.v20150224)

{
    "id": 186626,
    "username": "uNVRAYQkaC",
    "firstName": "OIeHytJdRj",
    "lastName": "DRpVQzgVFx",
    "email": "mtgpfxb@gmail.com",
    "password": "OtmNqOqPIj",
    "phone": "6262196347",
    "userStatus": 20
}
HTTP/1.1 200 OK
Date: Sat, 13 Jan 2024 10:07:31 GMT
Content-Type: application/json
Transfer-Encoding: chunked
Connection: keep-alive
Access-Control-Allow-Origin: *
Access-Control-Allow-Methods: GET, POST, DELETE, PUT
Access-Control-Allow-Headers: Content-Type, api_key, Authorization
Server: Jetty(9.2.9.v20150224)

{
    "id": 186626,
    "username": "uNVRAYQkaC",
    "firstName": "OIeHytJdRj",
    "lastName": "DRpVQzgVFx",
    "email": "mtgpfxb@gmail.com",
    "password": "OtmNqOqPIj",
    "phone": "6262196347",
    "userStatus": 20
}
HTTP/1.1 200 OK
Date: Sat, 13 Jan 2024 10:07:31 GMT
Content-Type: application/json
Transfer-Encoding: chunked
Connection: keep-alive
Access-Control-Allow-Origin: *
Access-Control-Allow-Methods: GET, POST, DELETE, PUT
Access-Control-Allow-Headers: Content-Type, api_key, Authorization
Server: Jetty(9.2.9.v20150224)

{
    "id": 186626,
    "username": "uNVRAYQkaC",
    "firstName": "OIeHytJdRj",
    "lastName": "DRpVQzgVFx",
    "email": "mtgpfxb@gmail.com",
    "password": "OtmNqOqPIj",
    "phone": "6262196347",
    "userStatus": 20
}
Request method:	GET
Request URI:	https://petstore.swagger.io/v2/user/lkBqLsmLdc
Proxy:			<none>
Request params:	<none>
Query params:	<none>
Form params:	<none>
Path params:	username=lkBqLsmLdc
Headers:		api_key=apiKey
				api_key=apiKey
				Accept=application/json
				api_key=apiKey
				Content-Type=application/json
Cookies:		<none>
Multiparts:		<none>
Body:			<none>
Request method:	GET
Request URI:	https://petstore.swagger.io/v2/user/lkBqLsmLdc
Proxy:			<none>
Request params:	<none>
Query params:	<none>
Form params:	<none>
Path params:	username=lkBqLsmLdc
Headers:		api_key=apiKey
				api_key=apiKey
				Accept=application/json
				api_key=apiKey
				Content-Type=application/json
Cookies:		<none>
Multiparts:		<none>
Body:			<none>
Request method:	GET
Request URI:	https://petstore.swagger.io/v2/user/lkBqLsmLdc
Proxy:			<none>
Request params:	<none>
Query params:	<none>
Form params:	<none>
Path params:	username=lkBqLsmLdc
Headers:		api_key=apiKey
				api_key=apiKey
				Accept=application/json
				api_key=apiKey
				Content-Type=application/json
Cookies:		<none>
Multiparts:		<none>
Body:			<none>
HTTP/1.1 200 OK
Date: Sat, 13 Jan 2024 10:07:32 GMT
Content-Type: application/json
Transfer-Encoding: chunked
Connection: keep-alive
Access-Control-Allow-Origin: *
Access-Control-Allow-Methods: GET, POST, DELETE, PUT
Access-Control-Allow-Headers: Content-Type, api_key, Authorization
Server: Jetty(9.2.9.v20150224)

{
    "id": 615573,
    "username": "lkBqLsmLdc",
    "firstName": "fXPHsKoXAt",
    "lastName": "tLJaTyoNIf",
    "email": "oyereqa@gmail.com",
    "password": "axrJHMYsej",
    "phone": "2116719729",
    "userStatus": 10
}
HTTP/1.1 200 OK
Date: Sat, 13 Jan 2024 10:07:32 GMT
Content-Type: application/json
Transfer-Encoding: chunked
Connection: keep-alive
Access-Control-Allow-Origin: *
Access-Control-Allow-Methods: GET, POST, DELETE, PUT
Access-Control-Allow-Headers: Content-Type, api_key, Authorization
Server: Jetty(9.2.9.v20150224)

{
    "id": 615573,
    "username": "lkBqLsmLdc",
    "firstName": "fXPHsKoXAt",
    "lastName": "tLJaTyoNIf",
    "email": "oyereqa@gmail.com",
    "password": "axrJHMYsej",
    "phone": "2116719729",
    "userStatus": 10
}
HTTP/1.1 200 OK
Date: Sat, 13 Jan 2024 10:07:32 GMT
Content-Type: application/json
Transfer-Encoding: chunked
Connection: keep-alive
Access-Control-Allow-Origin: *
Access-Control-Allow-Methods: GET, POST, DELETE, PUT
Access-Control-Allow-Headers: Content-Type, api_key, Authorization
Server: Jetty(9.2.9.v20150224)

{
    "id": 615573,
    "username": "lkBqLsmLdc",
    "firstName": "fXPHsKoXAt",
    "lastName": "tLJaTyoNIf",
    "email": "oyereqa@gmail.com",
    "password": "axrJHMYsej",
    "phone": "2116719729",
    "userStatus": 10
}
Request method:	GET
Request URI:	https://petstore.swagger.io/v2/user/ZPvPEctImd
Proxy:			<none>
Request params:	<none>
Query params:	<none>
Form params:	<none>
Path params:	username=ZPvPEctImd
Headers:		api_key=apiKey
				api_key=apiKey
				Accept=application/json
				api_key=apiKey
				Content-Type=application/json
Cookies:		<none>
Multiparts:		<none>
Body:			<none>
Request method:	GET
Request URI:	https://petstore.swagger.io/v2/user/ZPvPEctImd
Proxy:			<none>
Request params:	<none>
Query params:	<none>
Form params:	<none>
Path params:	username=ZPvPEctImd
Headers:		api_key=apiKey
				api_key=apiKey
				Accept=application/json
				api_key=apiKey
				Content-Type=application/json
Cookies:		<none>
Multiparts:		<none>
Body:			<none>
Request method:	GET
Request URI:	https://petstore.swagger.io/v2/user/ZPvPEctImd
Proxy:			<none>
Request params:	<none>
Query params:	<none>
Form params:	<none>
Path params:	username=ZPvPEctImd
Headers:		api_key=apiKey
				api_key=apiKey
				Accept=application/json
				api_key=apiKey
				Content-Type=application/json
Cookies:		<none>
Multiparts:		<none>
Body:			<none>
HTTP/1.1 200 OK
Date: Sat, 13 Jan 2024 10:07:33 GMT
Content-Type: application/json
Transfer-Encoding: chunked
Connection: keep-alive
Access-Control-Allow-Origin: *
Access-Control-Allow-Methods: GET, POST, DELETE, PUT
Access-Control-Allow-Headers: Content-Type, api_key, Authorization
Server: Jetty(9.2.9.v20150224)

{
    "id": 253071,
    "username": "ZPvPEctImd",
    "firstName": "HYPdihpNTJ",
    "lastName": "FMPnLdfZPG",
    "email": "izjlvqr@gmail.com",
    "password": "xpbUUaHHot",
    "phone": "7423496888",
    "userStatus": 58
}
HTTP/1.1 200 OK
Date: Sat, 13 Jan 2024 10:07:33 GMT
Content-Type: application/json
Transfer-Encoding: chunked
Connection: keep-alive
Access-Control-Allow-Origin: *
Access-Control-Allow-Methods: GET, POST, DELETE, PUT
Access-Control-Allow-Headers: Content-Type, api_key, Authorization
Server: Jetty(9.2.9.v20150224)

{
    "id": 253071,
    "username": "ZPvPEctImd",
    "firstName": "HYPdihpNTJ",
    "lastName": "FMPnLdfZPG",
    "email": "izjlvqr@gmail.com",
    "password": "xpbUUaHHot",
    "phone": "7423496888",
    "userStatus": 58
}
HTTP/1.1 200 OK
Date: Sat, 13 Jan 2024 10:07:33 GMT
Content-Type: application/json
Transfer-Encoding: chunked
Connection: keep-alive
Access-Control-Allow-Origin: *
Access-Control-Allow-Methods: GET, POST, DELETE, PUT
Access-Control-Allow-Headers: Content-Type, api_key, Authorization
Server: Jetty(9.2.9.v20150224)

{
    "id": 253071,
    "username": "ZPvPEctImd",
    "firstName": "HYPdihpNTJ",
    "lastName": "FMPnLdfZPG",
    "email": "izjlvqr@gmail.com",
    "password": "xpbUUaHHot",
    "phone": "7423496888",
    "userStatus": 58
}
]]></system-out>
  </testcase>
  <testcase name="getUserByUsername" classname="tests.UserTests" time="1.019">
    <system-out><![CDATA[Request method:	GET
Request URI:	https://petstore.swagger.io/v2/user/kXVYteLhWy
Proxy:			<none>
Request params:	<none>
Query params:	<none>
Form params:	<none>
Path params:	username=kXVYteLhWy
Headers:		api_key=apiKey
				api_key=apiKey
				Accept=application/json
				api_key=apiKey
				Content-Type=application/json
Cookies:		<none>
Multiparts:		<none>
Body:			<none>
Request method:	GET
Request URI:	https://petstore.swagger.io/v2/user/kXVYteLhWy
Proxy:			<none>
Request params:	<none>
Query params:	<none>
Form params:	<none>
Path params:	username=kXVYteLhWy
Headers:		api_key=apiKey
				api_key=apiKey
				Accept=application/json
				api_key=apiKey
				Content-Type=application/json
Cookies:		<none>
Multiparts:		<none>
Body:			<none>
Request method:	GET
Request URI:	https://petstore.swagger.io/v2/user/kXVYteLhWy
Proxy:			<none>
Request params:	<none>
Query params:	<none>
Form params:	<none>
Path params:	username=kXVYteLhWy
Headers:		api_key=apiKey
				api_key=apiKey
				Accept=application/json
				api_key=apiKey
				Content-Type=application/json
Cookies:		<none>
Multiparts:		<none>
Body:			<none>
HTTP/1.1 200 OK
Date: Sat, 13 Jan 2024 10:07:34 GMT
Content-Type: application/json
Transfer-Encoding: chunked
Connection: keep-alive
Access-Control-Allow-Origin: *
Access-Control-Allow-Methods: GET, POST, DELETE, PUT
Access-Control-Allow-Headers: Content-Type, api_key, Authorization
Server: Jetty(9.2.9.v20150224)

{
    "id": 571321,
    "username": "kXVYteLhWy",
    "firstName": "VztGPQlcni",
    "lastName": "bEZZydmLRv",
    "email": "ghlftdn@gmail.com",
    "password": "JdMTKbpMMZ",
    "phone": "8613666975",
    "userStatus": 13
}
HTTP/1.1 200 OK
Date: Sat, 13 Jan 2024 10:07:34 GMT
Content-Type: application/json
Transfer-Encoding: chunked
Connection: keep-alive
Access-Control-Allow-Origin: *
Access-Control-Allow-Methods: GET, POST, DELETE, PUT
Access-Control-Allow-Headers: Content-Type, api_key, Authorization
Server: Jetty(9.2.9.v20150224)

{
    "id": 571321,
    "username": "kXVYteLhWy",
    "firstName": "VztGPQlcni",
    "lastName": "bEZZydmLRv",
    "email": "ghlftdn@gmail.com",
    "password": "JdMTKbpMMZ",
    "phone": "8613666975",
    "userStatus": 13
}
HTTP/1.1 200 OK
Date: Sat, 13 Jan 2024 10:07:34 GMT
Content-Type: application/json
Transfer-Encoding: chunked
Connection: keep-alive
Access-Control-Allow-Origin: *
Access-Control-Allow-Methods: GET, POST, DELETE, PUT
Access-Control-Allow-Headers: Content-Type, api_key, Authorization
Server: Jetty(9.2.9.v20150224)

{
    "id": 571321,
    "username": "kXVYteLhWy",
    "firstName": "VztGPQlcni",
    "lastName": "bEZZydmLRv",
    "email": "ghlftdn@gmail.com",
    "password": "JdMTKbpMMZ",
    "phone": "8613666975",
    "userStatus": 13
}
]]></system-out>
  </testcase>
  <testcase name="updateUserEmailAddress" classname="tests.UserTests" time="2.047">
    <system-out><![CDATA[Request method:	PUT
Request URI:	https://petstore.swagger.io/v2/user/kXVYteLhWy
Proxy:			<none>
Request params:	<none>
Query params:	<none>
Form params:	<none>
Path params:	username=kXVYteLhWy
Headers:		api_key=apiKey
				api_key=apiKey
				Accept=application/json
				api_key=apiKey
				Content-Type=application/json
Cookies:		<none>
Multiparts:		<none>
Body:
{
    "id": 571321,
    "username": "kXVYteLhWy",
    "firstName": "VztGPQlcni",
    "lastName": "bEZZydmLRv",
    "email": "lsqfimo@gmail.com",
    "password": "JdMTKbpMMZ",
    "phone": "8613666975",
    "userStatus": 13
}
Request method:	PUT
Request URI:	https://petstore.swagger.io/v2/user/kXVYteLhWy
Proxy:			<none>
Request params:	<none>
Query params:	<none>
Form params:	<none>
Path params:	username=kXVYteLhWy
Headers:		api_key=apiKey
				api_key=apiKey
				Accept=application/json
				api_key=apiKey
				Content-Type=application/json
Cookies:		<none>
Multiparts:		<none>
Body:
{
    "id": 571321,
    "username": "kXVYteLhWy",
    "firstName": "VztGPQlcni",
    "lastName": "bEZZydmLRv",
    "email": "lsqfimo@gmail.com",
    "password": "JdMTKbpMMZ",
    "phone": "8613666975",
    "userStatus": 13
}
Request method:	PUT
Request URI:	https://petstore.swagger.io/v2/user/kXVYteLhWy
Proxy:			<none>
Request params:	<none>
Query params:	<none>
Form params:	<none>
Path params:	username=kXVYteLhWy
Headers:		api_key=apiKey
				api_key=apiKey
				Accept=application/json
				api_key=apiKey
				Content-Type=application/json
Cookies:		<none>
Multiparts:		<none>
Body:
{
    "id": 571321,
    "username": "kXVYteLhWy",
    "firstName": "VztGPQlcni",
    "lastName": "bEZZydmLRv",
    "email": "lsqfimo@gmail.com",
    "password": "JdMTKbpMMZ",
    "phone": "8613666975",
    "userStatus": 13
}
HTTP/1.1 200 OK
Date: Sat, 13 Jan 2024 10:07:35 GMT
Content-Type: application/json
Transfer-Encoding: chunked
Connection: keep-alive
Access-Control-Allow-Origin: *
Access-Control-Allow-Methods: GET, POST, DELETE, PUT
Access-Control-Allow-Headers: Content-Type, api_key, Authorization
Server: Jetty(9.2.9.v20150224)

{
    "code": 200,
    "type": "unknown",
    "message": "571321"
}
HTTP/1.1 200 OK
Date: Sat, 13 Jan 2024 10:07:35 GMT
Content-Type: application/json
Transfer-Encoding: chunked
Connection: keep-alive
Access-Control-Allow-Origin: *
Access-Control-Allow-Methods: GET, POST, DELETE, PUT
Access-Control-Allow-Headers: Content-Type, api_key, Authorization
Server: Jetty(9.2.9.v20150224)

{
    "code": 200,
    "type": "unknown",
    "message": "571321"
}
HTTP/1.1 200 OK
Date: Sat, 13 Jan 2024 10:07:35 GMT
Content-Type: application/json
Transfer-Encoding: chunked
Connection: keep-alive
Access-Control-Allow-Origin: *
Access-Control-Allow-Methods: GET, POST, DELETE, PUT
Access-Control-Allow-Headers: Content-Type, api_key, Authorization
Server: Jetty(9.2.9.v20150224)

{
    "code": 200,
    "type": "unknown",
    "message": "571321"
}
Request method:	GET
Request URI:	https://petstore.swagger.io/v2/user/kXVYteLhWy
Proxy:			<none>
Request params:	<none>
Query params:	<none>
Form params:	<none>
Path params:	username=kXVYteLhWy
Headers:		api_key=apiKey
				api_key=apiKey
				Accept=application/json
				api_key=apiKey
				Content-Type=application/json
Cookies:		<none>
Multiparts:		<none>
Body:			<none>
Request method:	GET
Request URI:	https://petstore.swagger.io/v2/user/kXVYteLhWy
Proxy:			<none>
Request params:	<none>
Query params:	<none>
Form params:	<none>
Path params:	username=kXVYteLhWy
Headers:		api_key=apiKey
				api_key=apiKey
				Accept=application/json
				api_key=apiKey
				Content-Type=application/json
Cookies:		<none>
Multiparts:		<none>
Body:			<none>
Request method:	GET
Request URI:	https://petstore.swagger.io/v2/user/kXVYteLhWy
Proxy:			<none>
Request params:	<none>
Query params:	<none>
Form params:	<none>
Path params:	username=kXVYteLhWy
Headers:		api_key=apiKey
				api_key=apiKey
				Accept=application/json
				api_key=apiKey
				Content-Type=application/json
Cookies:		<none>
Multiparts:		<none>
Body:			<none>
HTTP/1.1 200 OK
Date: Sat, 13 Jan 2024 10:07:36 GMT
Content-Type: application/json
Transfer-Encoding: chunked
Connection: keep-alive
Access-Control-Allow-Origin: *
Access-Control-Allow-Methods: GET, POST, DELETE, PUT
Access-Control-Allow-Headers: Content-Type, api_key, Authorization
Server: Jetty(9.2.9.v20150224)

{
    "id": 571321,
    "username": "kXVYteLhWy",
    "firstName": "VztGPQlcni",
    "lastName": "bEZZydmLRv",
    "email": "lsqfimo@gmail.com",
    "password": "JdMTKbpMMZ",
    "phone": "8613666975",
    "userStatus": 13
}
HTTP/1.1 200 OK
Date: Sat, 13 Jan 2024 10:07:36 GMT
Content-Type: application/json
Transfer-Encoding: chunked
Connection: keep-alive
Access-Control-Allow-Origin: *
Access-Control-Allow-Methods: GET, POST, DELETE, PUT
Access-Control-Allow-Headers: Content-Type, api_key, Authorization
Server: Jetty(9.2.9.v20150224)

{
    "id": 571321,
    "username": "kXVYteLhWy",
    "firstName": "VztGPQlcni",
    "lastName": "bEZZydmLRv",
    "email": "lsqfimo@gmail.com",
    "password": "JdMTKbpMMZ",
    "phone": "8613666975",
    "userStatus": 13
}
HTTP/1.1 200 OK
Date: Sat, 13 Jan 2024 10:07:36 GMT
Content-Type: application/json
Transfer-Encoding: chunked
Connection: keep-alive
Access-Control-Allow-Origin: *
Access-Control-Allow-Methods: GET, POST, DELETE, PUT
Access-Control-Allow-Headers: Content-Type, api_key, Authorization
Server: Jetty(9.2.9.v20150224)

{
    "id": 571321,
    "username": "kXVYteLhWy",
    "firstName": "VztGPQlcni",
    "lastName": "bEZZydmLRv",
    "email": "lsqfimo@gmail.com",
    "password": "JdMTKbpMMZ",
    "phone": "8613666975",
    "userStatus": 13
}
]]></system-out>
  </testcase>
  <testcase name="deleteUser" classname="tests.UserTests" time="2.05">
    <system-out><![CDATA[Request method:	DELETE
Request URI:	https://petstore.swagger.io/v2/user/kXVYteLhWy
Proxy:			<none>
Request params:	<none>
Query params:	<none>
Form params:	<none>
Path params:	username=kXVYteLhWy
Headers:		api_key=apiKey
				api_key=apiKey
				Accept=application/json
				api_key=apiKey
				Content-Type=application/json
Cookies:		<none>
Multiparts:		<none>
Body:			<none>
Request method:	DELETE
Request URI:	https://petstore.swagger.io/v2/user/kXVYteLhWy
Proxy:			<none>
Request params:	<none>
Query params:	<none>
Form params:	<none>
Path params:	username=kXVYteLhWy
Headers:		api_key=apiKey
				api_key=apiKey
				Accept=application/json
				api_key=apiKey
				Content-Type=application/json
Cookies:		<none>
Multiparts:		<none>
Body:			<none>
Request method:	DELETE
Request URI:	https://petstore.swagger.io/v2/user/kXVYteLhWy
Proxy:			<none>
Request params:	<none>
Query params:	<none>
Form params:	<none>
Path params:	username=kXVYteLhWy
Headers:		api_key=apiKey
				api_key=apiKey
				Accept=application/json
				api_key=apiKey
				Content-Type=application/json
Cookies:		<none>
Multiparts:		<none>
Body:			<none>
HTTP/1.1 200 OK
Date: Sat, 13 Jan 2024 10:07:37 GMT
Content-Type: application/json
Transfer-Encoding: chunked
Connection: keep-alive
Access-Control-Allow-Origin: *
Access-Control-Allow-Methods: GET, POST, DELETE, PUT
Access-Control-Allow-Headers: Content-Type, api_key, Authorization
Server: Jetty(9.2.9.v20150224)

{
    "code": 200,
    "type": "unknown",
    "message": "kXVYteLhWy"
}
HTTP/1.1 200 OK
Date: Sat, 13 Jan 2024 10:07:37 GMT
Content-Type: application/json
Transfer-Encoding: chunked
Connection: keep-alive
Access-Control-Allow-Origin: *
Access-Control-Allow-Methods: GET, POST, DELETE, PUT
Access-Control-Allow-Headers: Content-Type, api_key, Authorization
Server: Jetty(9.2.9.v20150224)

{
    "code": 200,
    "type": "unknown",
    "message": "kXVYteLhWy"
}
HTTP/1.1 200 OK
Date: Sat, 13 Jan 2024 10:07:37 GMT
Content-Type: application/json
Transfer-Encoding: chunked
Connection: keep-alive
Access-Control-Allow-Origin: *
Access-Control-Allow-Methods: GET, POST, DELETE, PUT
Access-Control-Allow-Headers: Content-Type, api_key, Authorization
Server: Jetty(9.2.9.v20150224)

{
    "code": 200,
    "type": "unknown",
    "message": "kXVYteLhWy"
}
Request method:	GET
Request URI:	https://petstore.swagger.io/v2/user/kXVYteLhWy
Proxy:			<none>
Request params:	<none>
Query params:	<none>
Form params:	<none>
Path params:	username=kXVYteLhWy
Headers:		api_key=apiKey
				api_key=apiKey
				Accept=application/json
				api_key=apiKey
				Content-Type=application/json
Cookies:		<none>
Multiparts:		<none>
Body:			<none>
Request method:	GET
Request URI:	https://petstore.swagger.io/v2/user/kXVYteLhWy
Proxy:			<none>
Request params:	<none>
Query params:	<none>
Form params:	<none>
Path params:	username=kXVYteLhWy
Headers:		api_key=apiKey
				api_key=apiKey
				Accept=application/json
				api_key=apiKey
				Content-Type=application/json
Cookies:		<none>
Multiparts:		<none>
Body:			<none>
Request method:	GET
Request URI:	https://petstore.swagger.io/v2/user/kXVYteLhWy
Proxy:			<none>
Request params:	<none>
Query params:	<none>
Form params:	<none>
Path params:	username=kXVYteLhWy
Headers:		api_key=apiKey
				api_key=apiKey
				Accept=application/json
				api_key=apiKey
				Content-Type=application/json
Cookies:		<none>
Multiparts:		<none>
Body:			<none>
HTTP/1.1 404 Not Found
Date: Sat, 13 Jan 2024 10:07:38 GMT
Content-Type: application/json
Transfer-Encoding: chunked
Connection: keep-alive
Access-Control-Allow-Origin: *
Access-Control-Allow-Methods: GET, POST, DELETE, PUT
Access-Control-Allow-Headers: Content-Type, api_key, Authorization
Server: Jetty(9.2.9.v20150224)

{
    "code": 1,
    "type": "error",
    "message": "User not found"
}
HTTP/1.1 404 Not Found
Date: Sat, 13 Jan 2024 10:07:38 GMT
Content-Type: application/json
Transfer-Encoding: chunked
Connection: keep-alive
Access-Control-Allow-Origin: *
Access-Control-Allow-Methods: GET, POST, DELETE, PUT
Access-Control-Allow-Headers: Content-Type, api_key, Authorization
Server: Jetty(9.2.9.v20150224)

{
    "code": 1,
    "type": "error",
    "message": "User not found"
}
HTTP/1.1 404 Not Found
Date: Sat, 13 Jan 2024 10:07:38 GMT
Content-Type: application/json
Transfer-Encoding: chunked
Connection: keep-alive
Access-Control-Allow-Origin: *
Access-Control-Allow-Methods: GET, POST, DELETE, PUT
Access-Control-Allow-Headers: Content-Type, api_key, Authorization
Server: Jetty(9.2.9.v20150224)

{
    "code": 1,
    "type": "error",
    "message": "User not found"
}
]]></system-out>
  </testcase>
  <testcase name="logout" classname="tests.UserTests" time="1.019">
    <system-out><![CDATA[Request method:	GET
Request URI:	https://petstore.swagger.io/v2/user/logout?username=test&password=abc123
Proxy:			<none>
Request params:	<none>
Query params:	username=test
				password=abc123
Form params:	<none>
Path params:	<none>
Headers:		api_key=apiKey
				api_key=apiKey
				Accept=application/json
				api_key=apiKey
				Content-Type=application/json
Cookies:		<none>
Multiparts:		<none>
Body:			<none>
Request method:	GET
Request URI:	https://petstore.swagger.io/v2/user/logout?username=test&password=abc123
Proxy:			<none>
Request params:	<none>
Query params:	username=test
				password=abc123
Form params:	<none>
Path params:	<none>
Headers:		api_key=apiKey
				api_key=apiKey
				Accept=application/json
				api_key=apiKey
				Content-Type=application/json
Cookies:		<none>
Multiparts:		<none>
Body:			<none>
Request method:	GET
Request URI:	https://petstore.swagger.io/v2/user/logout?username=test&password=abc123
Proxy:			<none>
Request params:	<none>
Query params:	username=test
				password=abc123
Form params:	<none>
Path params:	<none>
Headers:		api_key=apiKey
				api_key=apiKey
				Accept=application/json
				api_key=apiKey
				Content-Type=application/json
Cookies:		<none>
Multiparts:		<none>
Body:			<none>
HTTP/1.1 200 OK
Date: Sat, 13 Jan 2024 10:07:39 GMT
Content-Type: application/json
Transfer-Encoding: chunked
Connection: keep-alive
Access-Control-Allow-Origin: *
Access-Control-Allow-Methods: GET, POST, DELETE, PUT
Access-Control-Allow-Headers: Content-Type, api_key, Authorization
Server: Jetty(9.2.9.v20150224)

{
    "code": 200,
    "type": "unknown",
    "message": "ok"
}
HTTP/1.1 200 OK
Date: Sat, 13 Jan 2024 10:07:39 GMT
Content-Type: application/json
Transfer-Encoding: chunked
Connection: keep-alive
Access-Control-Allow-Origin: *
Access-Control-Allow-Methods: GET, POST, DELETE, PUT
Access-Control-Allow-Headers: Content-Type, api_key, Authorization
Server: Jetty(9.2.9.v20150224)

{
    "code": 200,
    "type": "unknown",
    "message": "ok"
}
HTTP/1.1 200 OK
Date: Sat, 13 Jan 2024 10:07:39 GMT
Content-Type: application/json
Transfer-Encoding: chunked
Connection: keep-alive
Access-Control-Allow-Origin: *
Access-Control-Allow-Methods: GET, POST, DELETE, PUT
Access-Control-Allow-Headers: Content-Type, api_key, Authorization
Server: Jetty(9.2.9.v20150224)

{
    "code": 200,
    "type": "unknown",
    "message": "ok"
}
]]></system-out>
  </testcase>
</testsuite>